<?xml version="1.0" encoding="UTF-8"?>
<!-- Generated by org.testng.reporters.JUnitXMLReporter -->
<testsuite hostname="LAPTOP-G0UQGSFP" ignored="0" name="Surefire test" tests="0" failures="0" timestamp="2022-12-14T23:11:24 IST" time="0.37" errors="0">
  <testcase name="@BeforeClass setUpClass" time="0.352" classname="io.cucumber.testng.AbstractTestNGCucumberTests">
    <failure type="java.lang.IllegalArgumentException" message="path must exist: E:\Automation_Gan_Bhaanu\Automation_Gan_Bhaanu\Automation_Ganesh\src\test\resources\features">
      <![CDATA[java.lang.IllegalArgumentException: path must exist: E:\Automation_Gan_Bhaanu\Automation_Gan_Bhaanu\Automation_Ganesh\src\test\resources\features
at io.cucumber.core.resource.PathScanner.findResourcesForPath(PathScanner.java:49)
at io.cucumber.core.resource.PathScanner.findResourcesForUri(PathScanner.java:31)
at io.cucumber.core.resource.ResourceScanner.findResourcesForUri(ResourceScanner.java:61)
at io.cucumber.core.resource.ResourceScanner.scanForResourcesUri(ResourceScanner.java:134)
at io.cucumber.core.runtime.FeaturePathFeatureSupplier.loadFeatures(FeaturePathFeatureSupplier.java:62)
at io.cucumber.core.runtime.FeaturePathFeatureSupplier.get(FeaturePathFeatureSupplier.java:45)
at io.cucumber.testng.TestNGCucumberRunner.<init>(TestNGCucumberRunner.java:122)
at io.cucumber.testng.AbstractTestNGCucumberTests.setUpClass(AbstractTestNGCucumberTests.java:27)
at java.util.ArrayList.forEach(ArrayList.java:1259)
... Removed 29 stack frames]]>
    </failure>
  </testcase> <!-- @BeforeClass setUpClass -->
  <testcase name="@AfterClass teardown" time="0.0" classname="runner.TestRunnerTestng">
    <skipped/>
  </testcase> <!-- @AfterClass teardown -->
</testsuite> <!-- Surefire test -->
