<?xml version="1.0" encoding="UTF-8"?>
<testsuite xmlns:xsi="http://www.w3.org/2001/XMLSchema-instance" xsi:schemaLocation="https://maven.apache.org/surefire/maven-surefire-plugin/xsd/surefire-test-report.xsd" name="TestSuite" time="35.427" tests="2" errors="0" skipped="0" failures="2">
  <properties>
[...]
</properties>
  <testcase name="runScenario" classname="runner.TestRunnerTestng" time="26.032">
    <failure message="no such element: Unable to locate element: {&quot;method&quot;:&quot;xpath&quot;,&quot;selector&quot;:&quot;//div[@class=&apos;appVersion&apos;]&quot;}&#10;  (Session info: chrome=108.0.5359.99)&#10;For documentation on this error, please visit: https://www.seleniumhq.org/exceptions/no_such_element.html&#10;Build info: version: &apos;3.141.59&apos;, revision: &apos;e82be7d358&apos;, time: &apos;2018-11-14T08:17:03&apos;&#10;System info: host: &apos;LAPTOP-G0UQGSFP&apos;, ip: &apos;192.168.0.134&apos;, os.name: &apos;Windows 11&apos;, os.arch: &apos;amd64&apos;, os.version: &apos;10.0&apos;, java.version: &apos;1.8.0_351&apos;&#10;Driver info: org.openqa.selenium.chrome.ChromeDriver&#10;Capabilities {acceptInsecureCerts: false, browserName: chrome, browserVersion: 108.0.5359.99, chrome: {chromedriverVersion: 108.0.5359.71 (1e0e3868ee06..., userDataDir: C:\Users\BHAANU~1\AppData\L...}, goog:chromeOptions: {debuggerAddress: localhost:56868}, javascriptEnabled: true, networkConnectionEnabled: false, pageLoadStrategy: normal, platform: WINDOWS, platformName: WINDOWS, proxy: Proxy(), setWindowRect: true, strictFileInteractability: false, timeouts: {implicit: 0, pageLoad: 300000, script: 30000}, unhandledPromptBehavior: dismiss and notify, webauthn:extension:credBlob: true, webauthn:extension:largeBlob: true, webauthn:virtualAuthenticators: true}&#10;Session ID: 064f5b2b773d7accb1d59538054bc0ae&#10;*** Element info: {Using=xpath, value=//div[@class=&apos;appVersion&apos;]}" type="java.lang.AssertionError">java.lang.AssertionError: 
no such element: Unable to locate element: {"method":"xpath","selector":"//div[@class='appVersion']"}
  (Session info: chrome=108.0.5359.99)
For documentation on this error, please visit: https://www.seleniumhq.org/exceptions/no_such_element.html
Build info: version: '3.141.59', revision: 'e82be7d358', time: '2018-11-14T08:17:03'
System info: host: 'LAPTOP-G0UQGSFP', ip: '192.168.0.134', os.name: 'Windows 11', os.arch: 'amd64', os.version: '10.0', java.version: '1.8.0_351'
Driver info: org.openqa.selenium.chrome.ChromeDriver
Capabilities {acceptInsecureCerts: false, browserName: chrome, browserVersion: 108.0.5359.99, chrome: {chromedriverVersion: 108.0.5359.71 (1e0e3868ee06..., userDataDir: C:\Users\BHAANU~1\AppData\L...}, goog:chromeOptions: {debuggerAddress: localhost:56868}, javascriptEnabled: true, networkConnectionEnabled: false, pageLoadStrategy: normal, platform: WINDOWS, platformName: WINDOWS, proxy: Proxy(), setWindowRect: true, strictFileInteractability: false, timeouts: {implicit: 0, pageLoad: 300000, script: 30000}, unhandledPromptBehavior: dismiss and notify, webauthn:extension:credBlob: true, webauthn:extension:largeBlob: true, webauthn:virtualAuthenticators: true}
Session ID: 064f5b2b773d7accb1d59538054bc0ae
*** Element info: {Using=xpath, value=//div[@class='appVersion']}
</failure>
    <system-out><![CDATA[URL is: https://v2webfeature.mmh-demo.com/home
Sheetname/Sheetname in Config File/App mentioned in Maven Goals is 1: MMH
Environment 2: PROD

 >> Execution String 3: -BYKCHWBA

 >> TESTDATA_PATH is 4: config/testdata/testdata.xlsx
Sheetname/Sheetname in Config File/App mentioned in Maven Goals is 5: MMH
Sheetname/App mentioned in Maven Goals is 6: MMH
recordset is 7: com.codoid.products.fillo.Recordset@f1a45f8
Column Name or Environment mentioned in Maven Goals is 8: PROD
Test Data Key: KEY
Test Data Value Pair: PROD
Column Name or Environment mentioned in Maven Goals is 8: PROD
Test Data Key: KEY
Test Data Value Pair: PROD
Column Name or Environment mentioned in Maven Goals is 8: PROD
Test Data Key: KEY
Test Data Value Pair: PROD
Column Name or Environment mentioned in Maven Goals is 8: PROD
Test Data Key: KEY
Test Data Value Pair: PROD
Column Name or Environment mentioned in Maven Goals is 8: PROD
Test Data Key: KEY
Test Data Value Pair: PROD
Column Name or Environment mentioned in Maven Goals is 8: PROD
Test Data Key: KEY
Test Data Value Pair: PROD
Column Name or Environment mentioned in Maven Goals is 8: PROD
Test Data Key: KEY
Test Data Value Pair: PROD
Column Name or Environment mentioned in Maven Goals is 8: PROD
Test Data Key: KEY
Test Data Value Pair: PROD
Column Name or Environment mentioned in Maven Goals is 8: PROD
Test Data Key: KEY
Test Data Value Pair: PROD
Column Name or Environment mentioned in Maven Goals is 8: PROD
Test Data Key: KEY
Test Data Value Pair: PROD
Column Name or Environment mentioned in Maven Goals is 8: PROD
Test Data Key: KEY
Test Data Value Pair: PROD
Column Name or Environment mentioned in Maven Goals is 8: PROD
Test Data Key: KEY
Test Data Value Pair: PROD
Column Name or Environment mentioned in Maven Goals is 8: PROD
Test Data Key: KEY
Test Data Value Pair: PROD
Column Name or Environment mentioned in Maven Goals is 8: PROD
Test Data Key: KEY
Test Data Value Pair: PROD
Column Name or Environment mentioned in Maven Goals is 8: PROD
Test Data Key: KEY
Test Data Value Pair: PROD
Column Name or Environment mentioned in Maven Goals is 8: PROD
Test Data Key: KEY
Test Data Value Pair: PROD
Column Name or Environment mentioned in Maven Goals is 8: PROD
Test Data Key: KEY
Test Data Value Pair: PROD
Column Name or Environment mentioned in Maven Goals is 8: PROD
Test Data Key: KEY
Test Data Value Pair: PROD
Column Name or Environment mentioned in Maven Goals is 8: PROD
Test Data Key: KEY
Test Data Value Pair: PROD
Column Name or Environment mentioned in Maven Goals is 8: PROD
Test Data Key: KEY
Test Data Value Pair: PROD
Column Name or Environment mentioned in Maven Goals is 8: PROD
Test Data Key: KEY
Test Data Value Pair: PROD
Column Name or Environment mentioned in Maven Goals is 8: PROD
Test Data Key: KEY
Test Data Value Pair: PROD
Column Name or Environment mentioned in Maven Goals is 8: PROD
Test Data Key: KEY
Test Data Value Pair: PROD
Column Name or Environment mentioned in Maven Goals is 8: PROD
Test Data Key: KEY
Test Data Value Pair: PROD
Column Name or Environment mentioned in Maven Goals is 8: PROD
Test Data Key: KEY
Test Data Value Pair: PROD
Column Name or Environment mentioned in Maven Goals is 8: PROD
Test Data Key: KEY
Test Data Value Pair: PROD
Column Name or Environment mentioned in Maven Goals is 8: PROD
Test Data Key: KEY
Test Data Value Pair: PROD
Column Name or Environment mentioned in Maven Goals is 8: PROD
Test Data Key: KEY
Test Data Value Pair: PROD
Column Name or Environment mentioned in Maven Goals is 8: PROD
Test Data Key: KEY
Test Data Value Pair: PROD
Column Name or Environment mentioned in Maven Goals is 8: PROD
Test Data Key: KEY
Test Data Value Pair: PROD
Column Name or Environment mentioned in Maven Goals is 8: PROD
Test Data Key: KEY
Test Data Value Pair: PROD
Column Name or Environment mentioned in Maven Goals is 8: PROD
Test Data Key: KEY
Test Data Value Pair: PROD
Column Name or Environment mentioned in Maven Goals is 8: PROD
Test Data Key: KEY
Test Data Value Pair: PROD
Column Name or Environment mentioned in Maven Goals is 8: PROD
Test Data Key: KEY
Test Data Value Pair: PROD
Column Name or Environment mentioned in Maven Goals is 8: PROD
Test Data Key: KEY
Test Data Value Pair: PROD
Column Name or Environment mentioned in Maven Goals is 8: PROD
Test Data Key: KEY
Test Data Value Pair: PROD
Column Name or Environment mentioned in Maven Goals is 8: PROD
Test Data Key: KEY
Test Data Value Pair: PROD
Column Name or Environment mentioned in Maven Goals is 8: PROD
Test Data Key: KEY
Test Data Value Pair: PROD
Column Name or Environment mentioned in Maven Goals is 8: PROD
Test Data Key: KEY
Test Data Value Pair: PROD
Column Name or Environment mentioned in Maven Goals is 8: PROD
Test Data Key: KEY
Test Data Value Pair: PROD
Column Name or Environment mentioned in Maven Goals is 8: PROD
Test Data Key: KEY
Test Data Value Pair: PROD
Column Name or Environment mentioned in Maven Goals is 8: PROD
Test Data Key: KEY
Test Data Value Pair: PROD
Column Name or Environment mentioned in Maven Goals is 8: PROD
Test Data Key: KEY
Test Data Value Pair: PROD
Column Name or Environment mentioned in Maven Goals is 8: PROD
Test Data Key: KEY
Test Data Value Pair: PROD
Column Name or Environment mentioned in Maven Goals is 8: PROD
Test Data Key: KEY
Test Data Value Pair: PROD
Column Name or Environment mentioned in Maven Goals is 8: PROD
Test Data Key: KEY
Test Data Value Pair: PROD
Column Name or Environment mentioned in Maven Goals is 8: PROD
Test Data Key: KEY
Test Data Value Pair: PROD
Column Name or Environment mentioned in Maven Goals is 8: PROD
Test Data Key: KEY
Test Data Value Pair: PROD
Column Name or Environment mentioned in Maven Goals is 8: PROD
Test Data Key: KEY
Test Data Value Pair: PROD
Column Name or Environment mentioned in Maven Goals is 8: PROD
Test Data Key: KEY
Test Data Value Pair: PROD
Column Name or Environment mentioned in Maven Goals is 8: PROD
Test Data Key: KEY
Test Data Value Pair: PROD
Column Name or Environment mentioned in Maven Goals is 8: PROD
Test Data Key: KEY
Test Data Value Pair: PROD
Column Name or Environment mentioned in Maven Goals is 8: PROD
Test Data Key: KEY
Test Data Value Pair: PROD
Column Name or Environment mentioned in Maven Goals is 8: PROD
Test Data Key: KEY
Test Data Value Pair: PROD
Column Name or Environment mentioned in Maven Goals is 8: PROD
Test Data Key: KEY
Test Data Value Pair: PROD
Column Name or Environment mentioned in Maven Goals is 8: PROD
Test Data Key: KEY
Test Data Value Pair: PROD
Column Name or Environment mentioned in Maven Goals is 8: PROD
Test Data Key: KEY
Test Data Value Pair: PROD
Column Name or Environment mentioned in Maven Goals is 8: PROD
Test Data Key: KEY
Test Data Value Pair: PROD
Column Name or Environment mentioned in Maven Goals is 8: PROD
Test Data Key: KEY
Test Data Value Pair: PROD
Column Name or Environment mentioned in Maven Goals is 8: PROD
Test Data Key: KEY
Test Data Value Pair: PROD
Column Name or Environment mentioned in Maven Goals is 8: PROD
Test Data Key: KEY
Test Data Value Pair: PROD
Column Name or Environment mentioned in Maven Goals is 8: PROD
Test Data Key: KEY
Test Data Value Pair: PROD
Column Name or Environment mentioned in Maven Goals is 8: PROD
Test Data Key: KEY
Test Data Value Pair: PROD
Column Name or Environment mentioned in Maven Goals is 8: PROD
Test Data Key: KEY
Test Data Value Pair: PROD
Column Name or Environment mentioned in Maven Goals is 8: PROD
Test Data Key: KEY
Test Data Value Pair: PROD
Column Name or Environment mentioned in Maven Goals is 8: PROD
Test Data Key: KEY
Test Data Value Pair: PROD
Column Name or Environment mentioned in Maven Goals is 8: PROD
Test Data Key: KEY
Test Data Value Pair: PROD
Column Name or Environment mentioned in Maven Goals is 8: PROD
Test Data Key: KEY
Test Data Value Pair: PROD
Column Name or Environment mentioned in Maven Goals is 8: PROD
Test Data Key: KEY
Test Data Value Pair: PROD
Column Name or Environment mentioned in Maven Goals is 8: PROD
Test Data Key: KEY
Test Data Value Pair: PROD
Column Name or Environment mentioned in Maven Goals is 8: PROD
Test Data Key: KEY
Test Data Value Pair: PROD
Column Name or Environment mentioned in Maven Goals is 8: PROD
Test Data Key: KEY
Test Data Value Pair: PROD
Column Name or Environment mentioned in Maven Goals is 8: PROD
Test Data Key: KEY
Test Data Value Pair: PROD
Column Name or Environment mentioned in Maven Goals is 8: PROD
Test Data Key: KEY
Test Data Value Pair: PROD
Column Name or Environment mentioned in Maven Goals is 8: PROD
Test Data Key: KEY
Test Data Value Pair: PROD
Column Name or Environment mentioned in Maven Goals is 8: PROD
Test Data Key: KEY
Test Data Value Pair: PROD
Column Name or Environment mentioned in Maven Goals is 8: PROD
Test Data Key: KEY
Test Data Value Pair: PROD
Column Name or Environment mentioned in Maven Goals is 8: PROD
Test Data Key: KEY
Test Data Value Pair: PROD
Column Name or Environment mentioned in Maven Goals is 8: PROD
Test Data Key: KEY
Test Data Value Pair: PROD
Column Name or Environment mentioned in Maven Goals is 8: PROD
Test Data Key: KEY
Test Data Value Pair: PROD
Column Name or Environment mentioned in Maven Goals is 8: PROD
Test Data Key: KEY
Test Data Value Pair: PROD
Column Name or Environment mentioned in Maven Goals is 8: PROD
Test Data Key: KEY
Test Data Value Pair: PROD
Column Name or Environment mentioned in Maven Goals is 8: PROD
Test Data Key: KEY
Test Data Value Pair: PROD
Column Name or Environment mentioned in Maven Goals is 8: PROD
Test Data Key: KEY
Test Data Value Pair: PROD
Column Name or Environment mentioned in Maven Goals is 8: PROD
Test Data Key: KEY
Test Data Value Pair: PROD
Column Name or Environment mentioned in Maven Goals is 8: PROD
Test Data Key: KEY
Test Data Value Pair: PROD
Column Name or Environment mentioned in Maven Goals is 8: PROD
Test Data Key: KEY
Test Data Value Pair: PROD
Column Name or Environment mentioned in Maven Goals is 8: PROD
Test Data Key: KEY
Test Data Value Pair: PROD
Column Name or Environment mentioned in Maven Goals is 8: PROD
Test Data Key: KEY
Test Data Value Pair: PROD
Column Name or Environment mentioned in Maven Goals is 8: PROD
Test Data Key: KEY
Test Data Value Pair: PROD
Column Name or Environment mentioned in Maven Goals is 8: PROD
Test Data Key: KEY
Test Data Value Pair: PROD
Column Name or Environment mentioned in Maven Goals is 8: PROD
Test Data Key: KEY
Test Data Value Pair: PROD
Column Name or Environment mentioned in Maven Goals is 8: PROD
Test Data Key: KEY
Test Data Value Pair: PROD
Column Name or Environment mentioned in Maven Goals is 8: PROD
Test Data Key: KEY
Test Data Value Pair: PROD
Column Name or Environment mentioned in Maven Goals is 8: PROD
Test Data Key: KEY
Test Data Value Pair: PROD
Column Name or Environment mentioned in Maven Goals is 8: PROD
Test Data Key: KEY
Test Data Value Pair: PROD
Column Name or Environment mentioned in Maven Goals is 8: PROD
Test Data Key: KEY
Test Data Value Pair: PROD
Column Name or Environment mentioned in Maven Goals is 8: PROD
Test Data Key: KEY
Test Data Value Pair: PROD
Column Name or Environment mentioned in Maven Goals is 8: PROD
Test Data Key: KEY
Test Data Value Pair: PROD
Column Name or Environment mentioned in Maven Goals is 8: PROD
Test Data Key: KEY
Test Data Value Pair: PROD
Column Name or Environment mentioned in Maven Goals is 8: PROD
Test Data Key: KEY
Test Data Value Pair: PROD
Column Name or Environment mentioned in Maven Goals is 8: PROD
Test Data Key: KEY
Test Data Value Pair: PROD
Column Name or Environment mentioned in Maven Goals is 8: PROD
Test Data Key: KEY
Test Data Value Pair: PROD
Column Name or Environment mentioned in Maven Goals is 8: PROD
Test Data Key: KEY
Test Data Value Pair: PROD
Column Name or Environment mentioned in Maven Goals is 8: PROD
Test Data Key: KEY
Test Data Value Pair: PROD
Column Name or Environment mentioned in Maven Goals is 8: PROD
Test Data Key: KEY
Test Data Value Pair: PROD
Column Name or Environment mentioned in Maven Goals is 8: PROD
Test Data Key: KEY
Test Data Value Pair: PROD
Column Name or Environment mentioned in Maven Goals is 8: PROD
Test Data Key: KEY
Test Data Value Pair: PROD
Column Name or Environment mentioned in Maven Goals is 8: PROD
Test Data Key: KEY
Test Data Value Pair: PROD
Column Name or Environment mentioned in Maven Goals is 8: PROD
Test Data Key: KEY
Test Data Value Pair: PROD
Column Name or Environment mentioned in Maven Goals is 8: PROD
Test Data Key: KEY
Test Data Value Pair: PROD
Column Name or Environment mentioned in Maven Goals is 8: PROD
Test Data Key: KEY
Test Data Value Pair: PROD
Column Name or Environment mentioned in Maven Goals is 8: PROD
Test Data Key: KEY
Test Data Value Pair: PROD
Column Name or Environment mentioned in Maven Goals is 8: PROD
Test Data Key: KEY
Test Data Value Pair: PROD
Column Name or Environment mentioned in Maven Goals is 8: PROD
Test Data Key: KEY
Test Data Value Pair: PROD
Column Name or Environment mentioned in Maven Goals is 8: PROD
Test Data Key: KEY
Test Data Value Pair: PROD
Column Name or Environment mentioned in Maven Goals is 8: PROD
Test Data Key: KEY
Test Data Value Pair: PROD
Column Name or Environment mentioned in Maven Goals is 8: PROD
Test Data Key: KEY
Test Data Value Pair: PROD
Column Name or Environment mentioned in Maven Goals is 8: PROD
Test Data Key: KEY
Test Data Value Pair: PROD
Column Name or Environment mentioned in Maven Goals is 8: PROD
Test Data Key: KEY
Test Data Value Pair: PROD
Column Name or Environment mentioned in Maven Goals is 8: PROD
Test Data Key: KEY
Test Data Value Pair: PROD
Column Name or Environment mentioned in Maven Goals is 8: PROD
Test Data Key: KEY
Test Data Value Pair: PROD
Column Name or Environment mentioned in Maven Goals is 8: PROD
Test Data Key: KEY
Test Data Value Pair: PROD
Column Name or Environment mentioned in Maven Goals is 8: PROD
Test Data Key: KEY
Test Data Value Pair: PROD
Column Name or Environment mentioned in Maven Goals is 8: PROD
Test Data Key: KEY
Test Data Value Pair: PROD
Column Name or Environment mentioned in Maven Goals is 8: PROD
Test Data Key: KEY
Test Data Value Pair: PROD
Column Name or Environment mentioned in Maven Goals is 8: PROD
Test Data Key: KEY
Test Data Value Pair: PROD
Column Name or Environment mentioned in Maven Goals is 8: PROD
Test Data Key: KEY
Test Data Value Pair: PROD
Column Name or Environment mentioned in Maven Goals is 8: PROD
Test Data Key: KEY
Test Data Value Pair: PROD
Column Name or Environment mentioned in Maven Goals is 8: PROD
Test Data Key: KEY
Test Data Value Pair: PROD
Column Name or Environment mentioned in Maven Goals is 8: PROD
Test Data Key: KEY
Test Data Value Pair: PROD
Column Name or Environment mentioned in Maven Goals is 8: PROD
Test Data Key: KEY
Test Data Value Pair: PROD
Column Name or Environment mentioned in Maven Goals is 8: PROD
Test Data Key: KEY
Test Data Value Pair: PROD
Column Name or Environment mentioned in Maven Goals is 8: PROD
Test Data Key: KEY
Test Data Value Pair: PROD
Column Name or Environment mentioned in Maven Goals is 8: PROD
Test Data Key: KEY
Test Data Value Pair: PROD
Column Name or Environment mentioned in Maven Goals is 8: PROD
Test Data Key: KEY
Test Data Value Pair: PROD
Column Name or Environment mentioned in Maven Goals is 8: PROD
Test Data Key: KEY
Test Data Value Pair: PROD
Column Name or Environment mentioned in Maven Goals is 8: PROD
Test Data Key: KEY
Test Data Value Pair: PROD
Column Name or Environment mentioned in Maven Goals is 8: PROD
Test Data Key: KEY
Test Data Value Pair: PROD
Column Name or Environment mentioned in Maven Goals is 8: PROD
Test Data Key: KEY
Test Data Value Pair: PROD
Column Name or Environment mentioned in Maven Goals is 8: PROD
Test Data Key: KEY
Test Data Value Pair: PROD
Column Name or Environment mentioned in Maven Goals is 8: PROD
Test Data Key: KEY
Test Data Value Pair: PROD
Column Name or Environment mentioned in Maven Goals is 8: PROD
Test Data Key: KEY
Test Data Value Pair: PROD
Column Name or Environment mentioned in Maven Goals is 8: PROD
Test Data Key: KEY
Test Data Value Pair: PROD
Column Name or Environment mentioned in Maven Goals is 8: PROD
Test Data Key: KEY
Test Data Value Pair: PROD
Column Name or Environment mentioned in Maven Goals is 8: PROD
Test Data Key: KEY
Test Data Value Pair: PROD
Column Name or Environment mentioned in Maven Goals is 8: PROD
Test Data Key: KEY
Test Data Value Pair: PROD
Column Name or Environment mentioned in Maven Goals is 8: PROD
Test Data Key: KEY
Test Data Value Pair: PROD
Column Name or Environment mentioned in Maven Goals is 8: PROD
Test Data Key: KEY
Test Data Value Pair: PROD
Column Name or Environment mentioned in Maven Goals is 8: PROD
Test Data Key: KEY
Test Data Value Pair: PROD
Column Name or Environment mentioned in Maven Goals is 8: PROD
Test Data Key: KEY
Test Data Value Pair: PROD
Column Name or Environment mentioned in Maven Goals is 8: PROD
Test Data Key: KEY
Test Data Value Pair: PROD
Column Name or Environment mentioned in Maven Goals is 8: PROD
Test Data Key: KEY
Test Data Value Pair: PROD
Column Name or Environment mentioned in Maven Goals is 8: PROD
Test Data Key: KEY
Test Data Value Pair: PROD
Column Name or Environment mentioned in Maven Goals is 8: PROD
Test Data Key: KEY
Test Data Value Pair: PROD
Column Name or Environment mentioned in Maven Goals is 8: PROD
Test Data Key: KEY
Test Data Value Pair: PROD
Column Name or Environment mentioned in Maven Goals is 8: PROD
Test Data Key: KEY
Test Data Value Pair: PROD
Column Name or Environment mentioned in Maven Goals is 8: PROD
Test Data Key: KEY
Test Data Value Pair: PROD
Column Name or Environment mentioned in Maven Goals is 8: PROD
Test Data Key: KEY
Test Data Value Pair: PROD
Column Name or Environment mentioned in Maven Goals is 8: PROD
Test Data Key: KEY
Test Data Value Pair: PROD
Column Name or Environment mentioned in Maven Goals is 8: PROD
Test Data Key: KEY
Test Data Value Pair: PROD
Column Name or Environment mentioned in Maven Goals is 8: PROD
Test Data Key: KEY
Test Data Value Pair: PROD
Column Name or Environment mentioned in Maven Goals is 8: PROD
Test Data Key: KEY
Test Data Value Pair: PROD
Column Name or Environment mentioned in Maven Goals is 8: PROD
Test Data Key: KEY
Test Data Value Pair: PROD
Column Name or Environment mentioned in Maven Goals is 8: PROD
Test Data Key: KEY
Test Data Value Pair: PROD
Column Name or Environment mentioned in Maven Goals is 8: PROD
Test Data Key: KEY
Test Data Value Pair: PROD
Column Name or Environment mentioned in Maven Goals is 8: PROD
Test Data Key: KEY
Test Data Value Pair: PROD
Column Name or Environment mentioned in Maven Goals is 8: PROD
Test Data Key: KEY
Test Data Value Pair: PROD
Column Name or Environment mentioned in Maven Goals is 8: PROD
Test Data Key: KEY
Test Data Value Pair: PROD
Column Name or Environment mentioned in Maven Goals is 8: PROD
Test Data Key: KEY
Test Data Value Pair: PROD
Column Name or Environment mentioned in Maven Goals is 8: PROD
Test Data Key: KEY
Test Data Value Pair: PROD
Column Name or Environment mentioned in Maven Goals is 8: PROD
Test Data Key: KEY
Test Data Value Pair: PROD
Column Name or Environment mentioned in Maven Goals is 8: PROD
Test Data Key: KEY
Test Data Value Pair: PROD
Column Name or Environment mentioned in Maven Goals is 8: PROD
Test Data Key: KEY
Test Data Value Pair: PROD
Column Name or Environment mentioned in Maven Goals is 8: PROD
Test Data Key: KEY
Test Data Value Pair: PROD
Column Name or Environment mentioned in Maven Goals is 8: PROD
Test Data Key: KEY
Test Data Value Pair: PROD
Column Name or Environment mentioned in Maven Goals is 8: PROD
Test Data Key: KEY
Test Data Value Pair: PROD
Column Name or Environment mentioned in Maven Goals is 8: PROD
Test Data Key: KEY
Test Data Value Pair: PROD
Column Name or Environment mentioned in Maven Goals is 8: PROD
Test Data Key: KEY
Test Data Value Pair: PROD
Column Name or Environment mentioned in Maven Goals is 8: PROD
Test Data Key: KEY
Test Data Value Pair: PROD
Column Name or Environment mentioned in Maven Goals is 8: PROD
Test Data Key: KEY
Test Data Value Pair: PROD
Column Name or Environment mentioned in Maven Goals is 8: PROD
Test Data Key: KEY
Test Data Value Pair: PROD
Column Name or Environment mentioned in Maven Goals is 8: PROD
Test Data Key: KEY
Test Data Value Pair: PROD
Column Name or Environment mentioned in Maven Goals is 8: PROD
Test Data Key: KEY
Test Data Value Pair: PROD
Column Name or Environment mentioned in Maven Goals is 8: PROD
Test Data Key: KEY
Test Data Value Pair: PROD
Column Name or Environment mentioned in Maven Goals is 8: PROD
Test Data Key: KEY
Test Data Value Pair: PROD
Column Name or Environment mentioned in Maven Goals is 8: PROD
Test Data Key: KEY
Test Data Value Pair: PROD
Column Name or Environment mentioned in Maven Goals is 8: PROD
Test Data Key: KEY
Test Data Value Pair: PROD
Column Name or Environment mentioned in Maven Goals is 8: PROD
Test Data Key: KEY
Test Data Value Pair: PROD
Column Name or Environment mentioned in Maven Goals is 8: PROD
Test Data Key: KEY
Test Data Value Pair: PROD
Column Name or Environment mentioned in Maven Goals is 8: PROD
Test Data Key: KEY
Test Data Value Pair: PROD
Column Name or Environment mentioned in Maven Goals is 8: PROD
Test Data Key: KEY
Test Data Value Pair: PROD
Column Name or Environment mentioned in Maven Goals is 8: PROD
Test Data Key: KEY
Test Data Value Pair: PROD
Column Name or Environment mentioned in Maven Goals is 8: PROD
Test Data Key: KEY
Test Data Value Pair: PROD
Column Name or Environment mentioned in Maven Goals is 8: PROD
Test Data Key: KEY
Test Data Value Pair: PROD
Column Name or Environment mentioned in Maven Goals is 8: PROD
Test Data Key: KEY
Test Data Value Pair: PROD
Column Name or Environment mentioned in Maven Goals is 8: PROD
Test Data Key: KEY
Test Data Value Pair: PROD
Column Name or Environment mentioned in Maven Goals is 8: PROD
Test Data Key: KEY
Test Data Value Pair: PROD
Column Name or Environment mentioned in Maven Goals is 8: PROD
Test Data Key: KEY
Test Data Value Pair: PROD
Column Name or Environment mentioned in Maven Goals is 8: PROD
Test Data Key: KEY
Test Data Value Pair: PROD
Column Name or Environment mentioned in Maven Goals is 8: PROD
Test Data Key: KEY
Test Data Value Pair: PROD
Column Name or Environment mentioned in Maven Goals is 8: PROD
Test Data Key: KEY
Test Data Value Pair: PROD
Column Name or Environment mentioned in Maven Goals is 8: PROD
Test Data Key: KEY
Test Data Value Pair: PROD
Column Name or Environment mentioned in Maven Goals is 8: PROD
Test Data Key: KEY
Test Data Value Pair: PROD
Column Name or Environment mentioned in Maven Goals is 8: PROD
Test Data Key: KEY
Test Data Value Pair: PROD
Column Name or Environment mentioned in Maven Goals is 8: PROD
Test Data Key: KEY
Test Data Value Pair: PROD
Column Name or Environment mentioned in Maven Goals is 8: PROD
Test Data Key: KEY
Test Data Value Pair: PROD
Column Name or Environment mentioned in Maven Goals is 8: PROD
Test Data Key: KEY
Test Data Value Pair: PROD
Column Name or Environment mentioned in Maven Goals is 8: PROD
Test Data Key: KEY
Test Data Value Pair: PROD
Column Name or Environment mentioned in Maven Goals is 8: PROD
Test Data Key: KEY
Test Data Value Pair: PROD
Column Name or Environment mentioned in Maven Goals is 8: PROD
Test Data Key: KEY
Test Data Value Pair: PROD
Column Name or Environment mentioned in Maven Goals is 8: PROD
Test Data Key: KEY
Test Data Value Pair: PROD
Column Name or Environment mentioned in Maven Goals is 8: PROD
Test Data Key: KEY
Test Data Value Pair: PROD
Column Name or Environment mentioned in Maven Goals is 8: PROD
Test Data Key: KEY
Test Data Value Pair: PROD
Column Name or Environment mentioned in Maven Goals is 8: PROD
Test Data Key: KEY
Test Data Value Pair: PROD
Column Name or Environment mentioned in Maven Goals is 8: PROD
Test Data Key: KEY
Test Data Value Pair: PROD
Column Name or Environment mentioned in Maven Goals is 8: PROD
Test Data Key: KEY
Test Data Value Pair: PROD
Column Name or Environment mentioned in Maven Goals is 8: PROD
Test Data Key: KEY
Test Data Value Pair: PROD
Column Name or Environment mentioned in Maven Goals is 8: PROD
Test Data Key: KEY
Test Data Value Pair: PROD
Column Name or Environment mentioned in Maven Goals is 8: PROD
Test Data Key: KEY
Test Data Value Pair: PROD
Column Name or Environment mentioned in Maven Goals is 8: PROD
Test Data Key: KEY
Test Data Value Pair: PROD
Column Name or Environment mentioned in Maven Goals is 8: PROD
Test Data Key: KEY
Test Data Value Pair: PROD
Column Name or Environment mentioned in Maven Goals is 8: PROD
Test Data Key: KEY
Test Data Value Pair: PROD
Column Name or Environment mentioned in Maven Goals is 8: PROD
Test Data Key: KEY
Test Data Value Pair: PROD
Column Name or Environment mentioned in Maven Goals is 8: PROD
Test Data Key: KEY
Test Data Value Pair: PROD
Column Name or Environment mentioned in Maven Goals is 8: PROD
Test Data Key: KEY
Test Data Value Pair: PROD
Column Name or Environment mentioned in Maven Goals is 8: PROD
Test Data Key: KEY
Test Data Value Pair: PROD
Column Name or Environment mentioned in Maven Goals is 8: PROD
Test Data Key: KEY
Test Data Value Pair: PROD
Column Name or Environment mentioned in Maven Goals is 8: PROD
Test Data Key: KEY
Test Data Value Pair: PROD
Column Name or Environment mentioned in Maven Goals is 8: PROD
Test Data Key: KEY
Test Data Value Pair: PROD
Column Name or Environment mentioned in Maven Goals is 8: PROD
Test Data Key: KEY
Test Data Value Pair: PROD
Column Name or Environment mentioned in Maven Goals is 8: PROD
Test Data Key: KEY
Test Data Value Pair: PROD
Column Name or Environment mentioned in Maven Goals is 8: PROD
Test Data Key: KEY
Test Data Value Pair: PROD
Column Name or Environment mentioned in Maven Goals is 8: PROD
Test Data Key: KEY
Test Data Value Pair: PROD
Column Name or Environment mentioned in Maven Goals is 8: PROD
Test Data Key: KEY
Test Data Value Pair: PROD
Column Name or Environment mentioned in Maven Goals is 8: PROD
Test Data Key: KEY
Test Data Value Pair: PROD
Column Name or Environment mentioned in Maven Goals is 8: PROD
Test Data Key: KEY
Test Data Value Pair: PROD
Column Name or Environment mentioned in Maven Goals is 8: PROD
Test Data Key: KEY
Test Data Value Pair: PROD
Column Name or Environment mentioned in Maven Goals is 8: PROD
Test Data Key: KEY
Test Data Value Pair: PROD
Column Name or Environment mentioned in Maven Goals is 8: PROD
Test Data Key: KEY
Test Data Value Pair: PROD
Column Name or Environment mentioned in Maven Goals is 8: PROD
Test Data Key: KEY
Test Data Value Pair: PROD
Column Name or Environment mentioned in Maven Goals is 8: PROD
Test Data Key: KEY
Test Data Value Pair: PROD
Column Name or Environment mentioned in Maven Goals is 8: PROD
Test Data Key: KEY
Test Data Value Pair: PROD
Column Name or Environment mentioned in Maven Goals is 8: PROD
Test Data Key: KEY
Test Data Value Pair: PROD
Column Name or Environment mentioned in Maven Goals is 8: PROD
Test Data Key: KEY
Test Data Value Pair: PROD
Column Name or Environment mentioned in Maven Goals is 8: PROD
Test Data Key: KEY
Test Data Value Pair: PROD
Column Name or Environment mentioned in Maven Goals is 8: PROD
Test Data Key: KEY
Test Data Value Pair: PROD
Column Name or Environment mentioned in Maven Goals is 8: PROD
Test Data Key: KEY
Test Data Value Pair: PROD
Column Name or Environment mentioned in Maven Goals is 8: PROD
Test Data Key: KEY
Test Data Value Pair: PROD
Column Name or Environment mentioned in Maven Goals is 8: PROD
Test Data Key: KEY
Test Data Value Pair: PROD
Column Name or Environment mentioned in Maven Goals is 8: PROD
Test Data Key: KEY
Test Data Value Pair: PROD
Column Name or Environment mentioned in Maven Goals is 8: PROD
Test Data Key: KEY
Test Data Value Pair: PROD
Column Name or Environment mentioned in Maven Goals is 8: PROD
Test Data Key: KEY
Test Data Value Pair: PROD
Column Name or Environment mentioned in Maven Goals is 8: PROD
Test Data Key: KEY
Test Data Value Pair: PROD
Column Name or Environment mentioned in Maven Goals is 8: PROD
Test Data Key: KEY
Test Data Value Pair: PROD
Column Name or Environment mentioned in Maven Goals is 8: PROD
Test Data Key: KEY
Test Data Value Pair: PROD
Column Name or Environment mentioned in Maven Goals is 8: PROD
Test Data Key: KEY
Test Data Value Pair: PROD
Column Name or Environment mentioned in Maven Goals is 8: PROD
Test Data Key: KEY
Test Data Value Pair: PROD
Column Name or Environment mentioned in Maven Goals is 8: PROD
Test Data Key: KEY
Test Data Value Pair: PROD
Column Name or Environment mentioned in Maven Goals is 8: PROD
Test Data Key: KEY
Test Data Value Pair: PROD
Column Name or Environment mentioned in Maven Goals is 8: PROD
Test Data Key: KEY
Test Data Value Pair: PROD
Column Name or Environment mentioned in Maven Goals is 8: PROD
Test Data Key: KEY
Test Data Value Pair: PROD
Column Name or Environment mentioned in Maven Goals is 8: PROD
Test Data Key: KEY
Test Data Value Pair: PROD
Column Name or Environment mentioned in Maven Goals is 8: PROD
Test Data Key: KEY
Test Data Value Pair: PROD
Column Name or Environment mentioned in Maven Goals is 8: PROD
Test Data Key: KEY
Test Data Value Pair: PROD
Column Name or Environment mentioned in Maven Goals is 8: PROD
Test Data Key: KEY
Test Data Value Pair: PROD
Column Name or Environment mentioned in Maven Goals is 8: PROD
Test Data Key: KEY
Test Data Value Pair: PROD
Column Name or Environment mentioned in Maven Goals is 8: PROD
Test Data Key: KEY
Test Data Value Pair: PROD
Column Name or Environment mentioned in Maven Goals is 8: PROD
Test Data Key: KEY
Test Data Value Pair: PROD
Column Name or Environment mentioned in Maven Goals is 8: PROD
Test Data Key: KEY
Test Data Value Pair: PROD
Column Name or Environment mentioned in Maven Goals is 8: PROD
Test Data Key: KEY
Test Data Value Pair: PROD
Column Name or Environment mentioned in Maven Goals is 8: PROD
Test Data Key: KEY
Test Data Value Pair: PROD
Column Name or Environment mentioned in Maven Goals is 8: PROD
Test Data Key: KEY
Test Data Value Pair: PROD
Column Name or Environment mentioned in Maven Goals is 8: PROD
Test Data Key: KEY
Test Data Value Pair: PROD
Column Name or Environment mentioned in Maven Goals is 8: PROD
Test Data Key: KEY
Test Data Value Pair: PROD
Column Name or Environment mentioned in Maven Goals is 8: PROD
Test Data Key: KEY
Test Data Value Pair: PROD
Column Name or Environment mentioned in Maven Goals is 8: PROD
Test Data Key: KEY
Test Data Value Pair: PROD
Column Name or Environment mentioned in Maven Goals is 8: PROD
Test Data Key: KEY
Test Data Value Pair: PROD
Column Name or Environment mentioned in Maven Goals is 8: PROD
Test Data Key: KEY
Test Data Value Pair: PROD
Column Name or Environment mentioned in Maven Goals is 8: PROD
Test Data Key: KEY
Test Data Value Pair: PROD
Column Name or Environment mentioned in Maven Goals is 8: PROD
Test Data Key: KEY
Test Data Value Pair: PROD
Column Name or Environment mentioned in Maven Goals is 8: PROD
Test Data Key: KEY
Test Data Value Pair: PROD
Column Name or Environment mentioned in Maven Goals is 8: PROD
Test Data Key: KEY
Test Data Value Pair: PROD
Column Name or Environment mentioned in Maven Goals is 8: PROD
Test Data Key: KEY
Test Data Value Pair: PROD
Column Name or Environment mentioned in Maven Goals is 8: PROD
Test Data Key: KEY
Test Data Value Pair: PROD
Column Name or Environment mentioned in Maven Goals is 8: PROD
Test Data Key: KEY
Test Data Value Pair: PROD
Column Name or Environment mentioned in Maven Goals is 8: PROD
Test Data Key: KEY
Test Data Value Pair: PROD
Column Name or Environment mentioned in Maven Goals is 8: PROD
Test Data Key: KEY
Test Data Value Pair: PROD
Column Name or Environment mentioned in Maven Goals is 8: PROD
Test Data Key: KEY
Test Data Value Pair: PROD
Column Name or Environment mentioned in Maven Goals is 8: PROD
Test Data Key: KEY
Test Data Value Pair: PROD
Column Name or Environment mentioned in Maven Goals is 8: PROD
Test Data Key: KEY
Test Data Value Pair: PROD
Column Name or Environment mentioned in Maven Goals is 8: PROD
Test Data Key: KEY
Test Data Value Pair: PROD
Column Name or Environment mentioned in Maven Goals is 8: PROD
Test Data Key: KEY
Test Data Value Pair: PROD
Column Name or Environment mentioned in Maven Goals is 8: PROD
Test Data Key: KEY
Test Data Value Pair: PROD
Column Name or Environment mentioned in Maven Goals is 8: PROD
Test Data Key: KEY
Test Data Value Pair: PROD
Column Name or Environment mentioned in Maven Goals is 8: PROD
Test Data Key: KEY
Test Data Value Pair: PROD
Column Name or Environment mentioned in Maven Goals is 8: PROD
Test Data Key: KEY
Test Data Value Pair: PROD
Column Name or Environment mentioned in Maven Goals is 8: PROD
Test Data Key: KEY
Test Data Value Pair: PROD
Column Name or Environment mentioned in Maven Goals is 8: PROD
Test Data Key: KEY
Test Data Value Pair: PROD
Column Name or Environment mentioned in Maven Goals is 8: PROD
Test Data Key: KEY
Test Data Value Pair: PROD
Column Name or Environment mentioned in Maven Goals is 8: PROD
Test Data Key: KEY
Test Data Value Pair: PROD
Column Name or Environment mentioned in Maven Goals is 8: PROD
Test Data Key: KEY
Test Data Value Pair: PROD
Column Name or Environment mentioned in Maven Goals is 8: PROD
Test Data Key: KEY
Test Data Value Pair: PROD
Column Name or Environment mentioned in Maven Goals is 8: PROD
Test Data Key: KEY
Test Data Value Pair: PROD
Column Name or Environment mentioned in Maven Goals is 8: PROD
Test Data Key: KEY
Test Data Value Pair: PROD
Column Name or Environment mentioned in Maven Goals is 8: PROD
Test Data Key: KEY
Test Data Value Pair: PROD
Column Name or Environment mentioned in Maven Goals is 8: PROD
Test Data Key: KEY
Test Data Value Pair: PROD
Column Name or Environment mentioned in Maven Goals is 8: PROD
Test Data Key: KEY
Test Data Value Pair: PROD
Column Name or Environment mentioned in Maven Goals is 8: PROD
Test Data Key: KEY
Test Data Value Pair: PROD
Column Name or Environment mentioned in Maven Goals is 8: PROD
Test Data Key: KEY
Test Data Value Pair: PROD
Column Name or Environment mentioned in Maven Goals is 8: PROD
Test Data Key: KEY
Test Data Value Pair: PROD
Column Name or Environment mentioned in Maven Goals is 8: PROD
Test Data Key: KEY
Test Data Value Pair: PROD
Column Name or Environment mentioned in Maven Goals is 8: PROD
Test Data Key: KEY
Test Data Value Pair: PROD
Column Name or Environment mentioned in Maven Goals is 8: PROD
Test Data Key: KEY
Test Data Value Pair: PROD
Column Name or Environment mentioned in Maven Goals is 8: PROD
Test Data Key: KEY
Test Data Value Pair: PROD
Column Name or Environment mentioned in Maven Goals is 8: PROD
Test Data Key: KEY
Test Data Value Pair: PROD
Column Name or Environment mentioned in Maven Goals is 8: PROD
Test Data Key: KEY
Test Data Value Pair: PROD
Column Name or Environment mentioned in Maven Goals is 8: PROD
Test Data Key: KEY
Test Data Value Pair: PROD
Column Name or Environment mentioned in Maven Goals is 8: PROD
Test Data Key: KEY
Test Data Value Pair: PROD
Column Name or Environment mentioned in Maven Goals is 8: PROD
Test Data Key: KEY
Test Data Value Pair: PROD
Column Name or Environment mentioned in Maven Goals is 8: PROD
Test Data Key: KEY
Test Data Value Pair: PROD
Column Name or Environment mentioned in Maven Goals is 8: PROD
Test Data Key: KEY
Test Data Value Pair: PROD
Column Name or Environment mentioned in Maven Goals is 8: PROD
Test Data Key: KEY
Test Data Value Pair: PROD
Column Name or Environment mentioned in Maven Goals is 8: PROD
Test Data Key: KEY
Test Data Value Pair: PROD
Column Name or Environment mentioned in Maven Goals is 8: PROD
Test Data Key: KEY
Test Data Value Pair: PROD
Column Name or Environment mentioned in Maven Goals is 8: PROD
Test Data Key: KEY
Test Data Value Pair: PROD
Column Name or Environment mentioned in Maven Goals is 8: PROD
Test Data Key: KEY
Test Data Value Pair: PROD
Column Name or Environment mentioned in Maven Goals is 8: PROD
Test Data Key: KEY
Test Data Value Pair: PROD
Column Name or Environment mentioned in Maven Goals is 8: PROD
Test Data Key: KEY
Test Data Value Pair: PROD
Column Name or Environment mentioned in Maven Goals is 8: PROD
Test Data Key: KEY
Test Data Value Pair: PROD
Column Name or Environment mentioned in Maven Goals is 8: PROD
Test Data Key: KEY
Test Data Value Pair: PROD
Column Name or Environment mentioned in Maven Goals is 8: PROD
Test Data Key: KEY
Test Data Value Pair: PROD
Column Name or Environment mentioned in Maven Goals is 8: PROD
Test Data Key: KEY
Test Data Value Pair: PROD
Column Name or Environment mentioned in Maven Goals is 8: PROD
Test Data Key: KEY
Test Data Value Pair: PROD
Column Name or Environment mentioned in Maven Goals is 8: PROD
Test Data Key: KEY
Test Data Value Pair: PROD
Column Name or Environment mentioned in Maven Goals is 8: PROD
Test Data Key: KEY
Test Data Value Pair: PROD
Column Name or Environment mentioned in Maven Goals is 8: PROD
Test Data Key: KEY
Test Data Value Pair: PROD
Column Name or Environment mentioned in Maven Goals is 8: PROD
Test Data Key: KEY
Test Data Value Pair: PROD
Column Name or Environment mentioned in Maven Goals is 8: PROD
Test Data Key: KEY
Test Data Value Pair: PROD
Column Name or Environment mentioned in Maven Goals is 8: PROD
Test Data Key: KEY
Test Data Value Pair: PROD
Column Name or Environment mentioned in Maven Goals is 8: PROD
Test Data Key: KEY
Test Data Value Pair: PROD
Column Name or Environment mentioned in Maven Goals is 8: PROD
Test Data Key: KEY
Test Data Value Pair: PROD
Column Name or Environment mentioned in Maven Goals is 8: PROD
Test Data Key: KEY
Test Data Value Pair: PROD
Column Name or Environment mentioned in Maven Goals is 8: PROD
Test Data Key: KEY
Test Data Value Pair: PROD
Column Name or Environment mentioned in Maven Goals is 8: PROD
Test Data Key: KEY
Test Data Value Pair: PROD
Column Name or Environment mentioned in Maven Goals is 8: PROD
Test Data Key: KEY
Test Data Value Pair: PROD
Column Name or Environment mentioned in Maven Goals is 8: PROD
Test Data Key: KEY
Test Data Value Pair: PROD
Column Name or Environment mentioned in Maven Goals is 8: PROD
Test Data Key: KEY
Test Data Value Pair: PROD
Column Name or Environment mentioned in Maven Goals is 8: PROD
Test Data Key: KEY
Test Data Value Pair: PROD
Column Name or Environment mentioned in Maven Goals is 8: PROD
Test Data Key: KEY
Test Data Value Pair: PROD
Column Name or Environment mentioned in Maven Goals is 8: PROD
Test Data Key: KEY
Test Data Value Pair: PROD
Column Name or Environment mentioned in Maven Goals is 8: PROD
Test Data Key: KEY
Test Data Value Pair: PROD
Column Name or Environment mentioned in Maven Goals is 8: PROD
Test Data Key: KEY
Test Data Value Pair: PROD
Column Name or Environment mentioned in Maven Goals is 8: PROD
Test Data Key: KEY
Test Data Value Pair: PROD
Column Name or Environment mentioned in Maven Goals is 8: PROD
Test Data Key: KEY
Test Data Value Pair: PROD
Column Name or Environment mentioned in Maven Goals is 8: PROD
Test Data Key: KEY
Test Data Value Pair: PROD
Column Name or Environment mentioned in Maven Goals is 8: PROD
Test Data Key: KEY
Test Data Value Pair: PROD
Column Name or Environment mentioned in Maven Goals is 8: PROD
Test Data Key: KEY
Test Data Value Pair: PROD
Column Name or Environment mentioned in Maven Goals is 8: PROD
Test Data Key: KEY
Test Data Value Pair: PROD
Column Name or Environment mentioned in Maven Goals is 8: PROD
Test Data Key: KEY
Test Data Value Pair: PROD
Column Name or Environment mentioned in Maven Goals is 8: PROD
Test Data Key: KEY
Test Data Value Pair: PROD
Column Name or Environment mentioned in Maven Goals is 8: PROD
Test Data Key: KEY
Test Data Value Pair: PROD
Column Name or Environment mentioned in Maven Goals is 8: PROD
Test Data Key: KEY
Test Data Value Pair: PROD
Column Name or Environment mentioned in Maven Goals is 8: PROD
Test Data Key: KEY
Test Data Value Pair: PROD
Column Name or Environment mentioned in Maven Goals is 8: PROD
Test Data Key: KEY
Test Data Value Pair: PROD
Column Name or Environment mentioned in Maven Goals is 8: PROD
Test Data Key: KEY
Test Data Value Pair: PROD
Column Name or Environment mentioned in Maven Goals is 8: PROD
Test Data Key: KEY
Test Data Value Pair: PROD
Column Name or Environment mentioned in Maven Goals is 8: PROD
Test Data Key: KEY
Test Data Value Pair: PROD
Column Name or Environment mentioned in Maven Goals is 8: PROD
Test Data Key: KEY
Test Data Value Pair: PROD
Column Name or Environment mentioned in Maven Goals is 8: PROD
Test Data Key: KEY
Test Data Value Pair: PROD
Column Name or Environment mentioned in Maven Goals is 8: PROD
Test Data Key: KEY
Test Data Value Pair: PROD
Column Name or Environment mentioned in Maven Goals is 8: PROD
Test Data Key: KEY
Test Data Value Pair: PROD
Column Name or Environment mentioned in Maven Goals is 8: PROD
Test Data Key: KEY
Test Data Value Pair: PROD
Column Name or Environment mentioned in Maven Goals is 8: PROD
Test Data Key: KEY
Test Data Value Pair: PROD
Column Name or Environment mentioned in Maven Goals is 8: PROD
Test Data Key: KEY
Test Data Value Pair: PROD
Column Name or Environment mentioned in Maven Goals is 8: PROD
Test Data Key: KEY
Test Data Value Pair: PROD
Column Name or Environment mentioned in Maven Goals is 8: PROD
Test Data Key: KEY
Test Data Value Pair: PROD
Column Name or Environment mentioned in Maven Goals is 8: PROD
Test Data Key: KEY
Test Data Value Pair: PROD
Column Name or Environment mentioned in Maven Goals is 8: PROD
Test Data Key: KEY
Test Data Value Pair: PROD
Column Name or Environment mentioned in Maven Goals is 8: PROD
Test Data Key: KEY
Test Data Value Pair: PROD
Column Name or Environment mentioned in Maven Goals is 8: PROD
Test Data Key: KEY
Test Data Value Pair: PROD
Column Name or Environment mentioned in Maven Goals is 8: PROD
Test Data Key: KEY
Test Data Value Pair: PROD
Column Name or Environment mentioned in Maven Goals is 8: PROD
Test Data Key: KEY
Test Data Value Pair: PROD
Column Name or Environment mentioned in Maven Goals is 8: PROD
Test Data Key: KEY
Test Data Value Pair: PROD
Column Name or Environment mentioned in Maven Goals is 8: PROD
Test Data Key: KEY
Test Data Value Pair: PROD
Column Name or Environment mentioned in Maven Goals is 8: PROD
Test Data Key: KEY
Test Data Value Pair: PROD
Column Name or Environment mentioned in Maven Goals is 8: PROD
Test Data Key: KEY
Test Data Value Pair: PROD
Column Name or Environment mentioned in Maven Goals is 8: PROD
Test Data Key: KEY
Test Data Value Pair: PROD
Column Name or Environment mentioned in Maven Goals is 8: PROD
Test Data Key: KEY
Test Data Value Pair: PROD
Column Name or Environment mentioned in Maven Goals is 8: PROD
Test Data Key: KEY
Test Data Value Pair: PROD
Column Name or Environment mentioned in Maven Goals is 8: PROD
Test Data Key: KEY
Test Data Value Pair: PROD
Column Name or Environment mentioned in Maven Goals is 8: PROD
Test Data Key: KEY
Test Data Value Pair: PROD
Column Name or Environment mentioned in Maven Goals is 8: PROD
Test Data Key: KEY
Test Data Value Pair: PROD
Column Name or Environment mentioned in Maven Goals is 8: PROD
Test Data Key: KEY
Test Data Value Pair: PROD
Column Name or Environment mentioned in Maven Goals is 8: PROD
Test Data Key: KEY
Test Data Value Pair: PROD
Column Name or Environment mentioned in Maven Goals is 8: PROD
Test Data Key: KEY
Test Data Value Pair: PROD
Column Name or Environment mentioned in Maven Goals is 8: PROD
Test Data Key: KEY
Test Data Value Pair: PROD
Column Name or Environment mentioned in Maven Goals is 8: PROD
Test Data Key: KEY
Test Data Value Pair: PROD
Column Name or Environment mentioned in Maven Goals is 8: PROD
Test Data Key: KEY
Test Data Value Pair: PROD
Column Name or Environment mentioned in Maven Goals is 8: PROD
Test Data Key: KEY
Test Data Value Pair: PROD
Column Name or Environment mentioned in Maven Goals is 8: PROD
Test Data Key: KEY
Test Data Value Pair: PROD
Column Name or Environment mentioned in Maven Goals is 8: PROD
Test Data Key: KEY
Test Data Value Pair: PROD
Column Name or Environment mentioned in Maven Goals is 8: PROD
Test Data Key: KEY
Test Data Value Pair: PROD
Column Name or Environment mentioned in Maven Goals is 8: PROD
Test Data Key: KEY
Test Data Value Pair: PROD
Column Name or Environment mentioned in Maven Goals is 8: PROD
Test Data Key: KEY
Test Data Value Pair: PROD
Column Name or Environment mentioned in Maven Goals is 8: PROD
Test Data Key: KEY
Test Data Value Pair: PROD
Column Name or Environment mentioned in Maven Goals is 8: PROD
Test Data Key: KEY
Test Data Value Pair: PROD
Column Name or Environment mentioned in Maven Goals is 8: PROD
Test Data Key: KEY
Test Data Value Pair: PROD
Column Name or Environment mentioned in Maven Goals is 8: PROD
Test Data Key: KEY
Test Data Value Pair: PROD
Column Name or Environment mentioned in Maven Goals is 8: PROD
Test Data Key: KEY
Test Data Value Pair: PROD
Column Name or Environment mentioned in Maven Goals is 8: PROD
Test Data Key: KEY
Test Data Value Pair: PROD
Column Name or Environment mentioned in Maven Goals is 8: PROD
Test Data Key: KEY
Test Data Value Pair: PROD
Column Name or Environment mentioned in Maven Goals is 8: PROD
Test Data Key: KEY
Test Data Value Pair: PROD
Column Name or Environment mentioned in Maven Goals is 8: PROD
Test Data Key: KEY
Test Data Value Pair: PROD
Column Name or Environment mentioned in Maven Goals is 8: PROD
Test Data Key: KEY
Test Data Value Pair: PROD
Column Name or Environment mentioned in Maven Goals is 8: PROD
Test Data Key: KEY
Test Data Value Pair: PROD
Column Name or Environment mentioned in Maven Goals is 8: PROD
Test Data Key: KEY
Test Data Value Pair: PROD
Column Name or Environment mentioned in Maven Goals is 8: PROD
Test Data Key: KEY
Test Data Value Pair: PROD
Column Name or Environment mentioned in Maven Goals is 8: PROD
Test Data Key: KEY
Test Data Value Pair: PROD
Column Name or Environment mentioned in Maven Goals is 8: PROD
Test Data Key: KEY
Test Data Value Pair: PROD
Column Name or Environment mentioned in Maven Goals is 8: PROD
Test Data Key: KEY
Test Data Value Pair: PROD
Column Name or Environment mentioned in Maven Goals is 8: PROD
Test Data Key: KEY
Test Data Value Pair: PROD
Column Name or Environment mentioned in Maven Goals is 8: PROD
Test Data Key: KEY
Test Data Value Pair: PROD
Column Name or Environment mentioned in Maven Goals is 8: PROD
Test Data Key: KEY
Test Data Value Pair: PROD
Column Name or Environment mentioned in Maven Goals is 8: PROD
Test Data Key: KEY
Test Data Value Pair: PROD
Column Name or Environment mentioned in Maven Goals is 8: PROD
Test Data Key: KEY
Test Data Value Pair: PROD
Column Name or Environment mentioned in Maven Goals is 8: PROD
Test Data Key: KEY
Test Data Value Pair: PROD
Column Name or Environment mentioned in Maven Goals is 8: PROD
Test Data Key: KEY
Test Data Value Pair: PROD
Column Name or Environment mentioned in Maven Goals is 8: PROD
Test Data Key: KEY
Test Data Value Pair: PROD
Column Name or Environment mentioned in Maven Goals is 8: PROD
Test Data Key: KEY
Test Data Value Pair: PROD
Column Name or Environment mentioned in Maven Goals is 8: PROD
Test Data Key: KEY
Test Data Value Pair: PROD
Column Name or Environment mentioned in Maven Goals is 8: PROD
Test Data Key: KEY
Test Data Value Pair: PROD
Column Name or Environment mentioned in Maven Goals is 8: PROD
Test Data Key: KEY
Test Data Value Pair: PROD
Column Name or Environment mentioned in Maven Goals is 8: PROD
Test Data Key: KEY
Test Data Value Pair: PROD
Column Name or Environment mentioned in Maven Goals is 8: PROD
Test Data Key: KEY
Test Data Value Pair: PROD
Column Name or Environment mentioned in Maven Goals is 8: PROD
Test Data Key: KEY
Test Data Value Pair: PROD
Column Name or Environment mentioned in Maven Goals is 8: PROD
Test Data Key: KEY
Test Data Value Pair: PROD
Column Name or Environment mentioned in Maven Goals is 8: PROD
Test Data Key: KEY
Test Data Value Pair: PROD
Column Name or Environment mentioned in Maven Goals is 8: PROD
Test Data Key: KEY
Test Data Value Pair: PROD
Column Name or Environment mentioned in Maven Goals is 8: PROD
Test Data Key: KEY
Test Data Value Pair: PROD
Column Name or Environment mentioned in Maven Goals is 8: PROD
Test Data Key: KEY
Test Data Value Pair: PROD
Column Name or Environment mentioned in Maven Goals is 8: PROD
Test Data Key: KEY
Test Data Value Pair: PROD
Column Name or Environment mentioned in Maven Goals is 8: PROD
Test Data Key: KEY
Test Data Value Pair: PROD
Column Name or Environment mentioned in Maven Goals is 8: PROD
Test Data Key: KEY
Test Data Value Pair: PROD
Column Name or Environment mentioned in Maven Goals is 8: PROD
Test Data Key: KEY
Test Data Value Pair: PROD
Column Name or Environment mentioned in Maven Goals is 8: PROD
Test Data Key: KEY
Test Data Value Pair: PROD
Column Name or Environment mentioned in Maven Goals is 8: PROD
Test Data Key: KEY
Test Data Value Pair: PROD
Column Name or Environment mentioned in Maven Goals is 8: PROD
Test Data Key: KEY
Test Data Value Pair: PROD
Column Name or Environment mentioned in Maven Goals is 8: PROD
Test Data Key: KEY
Test Data Value Pair: PROD
Column Name or Environment mentioned in Maven Goals is 8: PROD
Test Data Key: KEY
Test Data Value Pair: PROD
Column Name or Environment mentioned in Maven Goals is 8: PROD
Test Data Key: KEY
Test Data Value Pair: PROD
Column Name or Environment mentioned in Maven Goals is 8: PROD
Test Data Key: KEY
Test Data Value Pair: PROD
Column Name or Environment mentioned in Maven Goals is 8: PROD
Test Data Key: KEY
Test Data Value Pair: PROD
Column Name or Environment mentioned in Maven Goals is 8: PROD
Test Data Key: KEY
Test Data Value Pair: PROD
Column Name or Environment mentioned in Maven Goals is 8: PROD
Test Data Key: KEY
Test Data Value Pair: PROD
Column Name or Environment mentioned in Maven Goals is 8: PROD
Test Data Key: KEY
Test Data Value Pair: PROD
Column Name or Environment mentioned in Maven Goals is 8: PROD
Test Data Key: KEY
Test Data Value Pair: PROD
Column Name or Environment mentioned in Maven Goals is 8: PROD
Test Data Key: KEY
Test Data Value Pair: PROD
Column Name or Environment mentioned in Maven Goals is 8: PROD
Test Data Key: KEY
Test Data Value Pair: PROD
Column Name or Environment mentioned in Maven Goals is 8: PROD
Test Data Key: KEY
Test Data Value Pair: PROD
Column Name or Environment mentioned in Maven Goals is 8: PROD
Test Data Key: KEY
Test Data Value Pair: PROD
Column Name or Environment mentioned in Maven Goals is 8: PROD
Test Data Key: KEY
Test Data Value Pair: PROD
Column Name or Environment mentioned in Maven Goals is 8: PROD
Test Data Key: KEY
Test Data Value Pair: PROD
Column Name or Environment mentioned in Maven Goals is 8: PROD
Test Data Key: KEY
Test Data Value Pair: PROD
Column Name or Environment mentioned in Maven Goals is 8: PROD
Test Data Key: KEY
Test Data Value Pair: PROD
Column Name or Environment mentioned in Maven Goals is 8: PROD
Test Data Key: KEY
Test Data Value Pair: PROD
Column Name or Environment mentioned in Maven Goals is 8: PROD
Test Data Key: KEY
Test Data Value Pair: PROD
Column Name or Environment mentioned in Maven Goals is 8: PROD
Test Data Key: KEY
Test Data Value Pair: PROD
Column Name or Environment mentioned in Maven Goals is 8: PROD
Test Data Key: KEY
Test Data Value Pair: PROD
Column Name or Environment mentioned in Maven Goals is 8: PROD
Test Data Key: KEY
Test Data Value Pair: PROD
Column Name or Environment mentioned in Maven Goals is 8: PROD
Test Data Key: KEY
Test Data Value Pair: PROD
Column Name or Environment mentioned in Maven Goals is 8: PROD
Test Data Key: KEY
Test Data Value Pair: PROD
Column Name or Environment mentioned in Maven Goals is 8: PROD
Test Data Key: KEY
Test Data Value Pair: PROD
Column Name or Environment mentioned in Maven Goals is 8: PROD
Test Data Key: KEY
Test Data Value Pair: PROD
Column Name or Environment mentioned in Maven Goals is 8: PROD
Test Data Key: KEY
Test Data Value Pair: PROD
Column Name or Environment mentioned in Maven Goals is 8: PROD
Test Data Key: KEY
Test Data Value Pair: PROD
Column Name or Environment mentioned in Maven Goals is 8: PROD
Test Data Key: KEY
Test Data Value Pair: PROD
Column Name or Environment mentioned in Maven Goals is 8: PROD
Test Data Key: KEY
Test Data Value Pair: PROD
Column Name or Environment mentioned in Maven Goals is 8: PROD
Test Data Key: KEY
Test Data Value Pair: PROD
Column Name or Environment mentioned in Maven Goals is 8: PROD
Test Data Key: KEY
Test Data Value Pair: PROD
Column Name or Environment mentioned in Maven Goals is 8: PROD
Test Data Key: KEY
Test Data Value Pair: PROD
Column Name or Environment mentioned in Maven Goals is 8: PROD
Test Data Key: KEY
Test Data Value Pair: PROD
Column Name or Environment mentioned in Maven Goals is 8: PROD
Test Data Key: KEY
Test Data Value Pair: PROD
Column Name or Environment mentioned in Maven Goals is 8: PROD
Test Data Key: KEY
Test Data Value Pair: PROD
Column Name or Environment mentioned in Maven Goals is 8: PROD
Test Data Key: KEY
Test Data Value Pair: PROD
Column Name or Environment mentioned in Maven Goals is 8: PROD
Test Data Key: KEY
Test Data Value Pair: PROD
Column Name or Environment mentioned in Maven Goals is 8: PROD
Test Data Key: KEY
Test Data Value Pair: PROD
Column Name or Environment mentioned in Maven Goals is 8: PROD
Test Data Key: KEY
Test Data Value Pair: PROD
Column Name or Environment mentioned in Maven Goals is 8: PROD
Test Data Key: KEY
Test Data Value Pair: PROD
Column Name or Environment mentioned in Maven Goals is 8: PROD
Test Data Key: KEY
Test Data Value Pair: PROD
Column Name or Environment mentioned in Maven Goals is 8: PROD
Test Data Key: KEY
Test Data Value Pair: PROD
Column Name or Environment mentioned in Maven Goals is 8: PROD
Test Data Key: KEY
Test Data Value Pair: PROD
Column Name or Environment mentioned in Maven Goals is 8: PROD
Test Data Key: KEY
Test Data Value Pair: PROD
Column Name or Environment mentioned in Maven Goals is 8: PROD
Test Data Key: KEY
Test Data Value Pair: PROD
Column Name or Environment mentioned in Maven Goals is 8: PROD
Test Data Key: KEY
Test Data Value Pair: PROD
Column Name or Environment mentioned in Maven Goals is 8: PROD
Test Data Key: KEY
Test Data Value Pair: PROD
Column Name or Environment mentioned in Maven Goals is 8: PROD
Test Data Key: KEY
Test Data Value Pair: PROD
Column Name or Environment mentioned in Maven Goals is 8: PROD
Test Data Key: KEY
Test Data Value Pair: PROD
Column Name or Environment mentioned in Maven Goals is 8: PROD
Test Data Key: KEY
Test Data Value Pair: PROD
Column Name or Environment mentioned in Maven Goals is 8: PROD
Test Data Key: KEY
Test Data Value Pair: PROD
Column Name or Environment mentioned in Maven Goals is 8: PROD
Test Data Key: KEY
Test Data Value Pair: PROD
Column Name or Environment mentioned in Maven Goals is 8: PROD
Test Data Key: KEY
Test Data Value Pair: PROD
Column Name or Environment mentioned in Maven Goals is 8: PROD
Test Data Key: KEY
Test Data Value Pair: PROD
Column Name or Environment mentioned in Maven Goals is 8: PROD
Test Data Key: KEY
Test Data Value Pair: PROD
Column Name or Environment mentioned in Maven Goals is 8: PROD
Test Data Key: KEY
Test Data Value Pair: PROD
Column Name or Environment mentioned in Maven Goals is 8: PROD
Test Data Key: KEY
Test Data Value Pair: PROD
Column Name or Environment mentioned in Maven Goals is 8: PROD
Test Data Key: KEY
Test Data Value Pair: PROD
Column Name or Environment mentioned in Maven Goals is 8: PROD
Test Data Key: KEY
Test Data Value Pair: PROD
Column Name or Environment mentioned in Maven Goals is 8: PROD
Test Data Key: KEY
Test Data Value Pair: PROD
Column Name or Environment mentioned in Maven Goals is 8: PROD
Test Data Key: KEY
Test Data Value Pair: PROD
Column Name or Environment mentioned in Maven Goals is 8: PROD
Test Data Key: KEY
Test Data Value Pair: PROD
Column Name or Environment mentioned in Maven Goals is 8: PROD
Test Data Key: KEY
Test Data Value Pair: PROD
Column Name or Environment mentioned in Maven Goals is 8: PROD
Test Data Key: KEY
Test Data Value Pair: PROD
Column Name or Environment mentioned in Maven Goals is 8: PROD
Test Data Key: KEY
Test Data Value Pair: PROD
Column Name or Environment mentioned in Maven Goals is 8: PROD
Test Data Key: KEY
Test Data Value Pair: PROD
Column Name or Environment mentioned in Maven Goals is 8: PROD
Test Data Key: KEY
Test Data Value Pair: PROD
Column Name or Environment mentioned in Maven Goals is 8: PROD
Test Data Key: KEY
Test Data Value Pair: PROD
Column Name or Environment mentioned in Maven Goals is 8: PROD
Test Data Key: KEY
Test Data Value Pair: PROD
Column Name or Environment mentioned in Maven Goals is 8: PROD
Test Data Key: KEY
Test Data Value Pair: PROD
Column Name or Environment mentioned in Maven Goals is 8: PROD
Test Data Key: KEY
Test Data Value Pair: PROD
Column Name or Environment mentioned in Maven Goals is 8: PROD
Test Data Key: KEY
Test Data Value Pair: PROD
Column Name or Environment mentioned in Maven Goals is 8: PROD
Test Data Key: KEY
Test Data Value Pair: PROD
Column Name or Environment mentioned in Maven Goals is 8: PROD
Test Data Key: KEY
Test Data Value Pair: PROD
Column Name or Environment mentioned in Maven Goals is 8: PROD
Test Data Key: KEY
Test Data Value Pair: PROD
Column Name or Environment mentioned in Maven Goals is 8: PROD
Test Data Key: KEY
Test Data Value Pair: PROD
Column Name or Environment mentioned in Maven Goals is 8: PROD
Test Data Key: KEY
Test Data Value Pair: PROD
Column Name or Environment mentioned in Maven Goals is 8: PROD
Test Data Key: KEY
Test Data Value Pair: PROD
Column Name or Environment mentioned in Maven Goals is 8: PROD
Test Data Key: KEY
Test Data Value Pair: PROD
Column Name or Environment mentioned in Maven Goals is 8: PROD
Test Data Key: KEY
Test Data Value Pair: PROD
Column Name or Environment mentioned in Maven Goals is 8: PROD
Test Data Key: KEY
Test Data Value Pair: PROD
Column Name or Environment mentioned in Maven Goals is 8: PROD
Test Data Key: KEY
Test Data Value Pair: PROD
Column Name or Environment mentioned in Maven Goals is 8: PROD
Test Data Key: KEY
Test Data Value Pair: PROD
Column Name or Environment mentioned in Maven Goals is 8: PROD
Test Data Key: KEY
Test Data Value Pair: PROD
Column Name or Environment mentioned in Maven Goals is 8: PROD
Test Data Key: KEY
Test Data Value Pair: PROD
Column Name or Environment mentioned in Maven Goals is 8: PROD
Test Data Key: KEY
Test Data Value Pair: PROD
Column Name or Environment mentioned in Maven Goals is 8: PROD
Test Data Key: KEY
Test Data Value Pair: PROD
Column Name or Environment mentioned in Maven Goals is 8: PROD
Test Data Key: KEY
Test Data Value Pair: PROD
Column Name or Environment mentioned in Maven Goals is 8: PROD
Test Data Key: KEY
Test Data Value Pair: PROD
Column Name or Environment mentioned in Maven Goals is 8: PROD
Test Data Key: KEY
Test Data Value Pair: PROD
Column Name or Environment mentioned in Maven Goals is 8: PROD
Test Data Key: KEY
Test Data Value Pair: PROD
Column Name or Environment mentioned in Maven Goals is 8: PROD
Test Data Key: KEY
Test Data Value Pair: PROD
Column Name or Environment mentioned in Maven Goals is 8: PROD
Test Data Key: KEY
Test Data Value Pair: PROD
Column Name or Environment mentioned in Maven Goals is 8: PROD
Test Data Key: KEY
Test Data Value Pair: PROD
Column Name or Environment mentioned in Maven Goals is 8: PROD
Test Data Key: KEY
Test Data Value Pair: PROD
Column Name or Environment mentioned in Maven Goals is 8: PROD
Test Data Key: KEY
Test Data Value Pair: PROD
Column Name or Environment mentioned in Maven Goals is 8: PROD
Test Data Key: KEY
Test Data Value Pair: PROD
Column Name or Environment mentioned in Maven Goals is 8: PROD
Test Data Key: KEY
Test Data Value Pair: PROD
Column Name or Environment mentioned in Maven Goals is 8: PROD
Test Data Key: KEY
Test Data Value Pair: PROD
Column Name or Environment mentioned in Maven Goals is 8: PROD
Test Data Key: KEY
Test Data Value Pair: PROD
Column Name or Environment mentioned in Maven Goals is 8: PROD
Test Data Key: KEY
Test Data Value Pair: PROD
Column Name or Environment mentioned in Maven Goals is 8: PROD
Test Data Key: KEY
Test Data Value Pair: PROD
Column Name or Environment mentioned in Maven Goals is 8: PROD
Test Data Key: KEY
Test Data Value Pair: PROD
Column Name or Environment mentioned in Maven Goals is 8: PROD
Test Data Key: KEY
Test Data Value Pair: PROD
Column Name or Environment mentioned in Maven Goals is 8: PROD
Test Data Key: KEY
Test Data Value Pair: PROD
Column Name or Environment mentioned in Maven Goals is 8: PROD
Test Data Key: KEY
Test Data Value Pair: PROD
Column Name or Environment mentioned in Maven Goals is 8: PROD
Test Data Key: KEY
Test Data Value Pair: PROD
Column Name or Environment mentioned in Maven Goals is 8: PROD
Test Data Key: KEY
Test Data Value Pair: PROD
Column Name or Environment mentioned in Maven Goals is 8: PROD
Test Data Key: KEY
Test Data Value Pair: PROD
Column Name or Environment mentioned in Maven Goals is 8: PROD
Test Data Key: KEY
Test Data Value Pair: PROD
Column Name or Environment mentioned in Maven Goals is 8: PROD
Test Data Key: KEY
Test Data Value Pair: PROD
Column Name or Environment mentioned in Maven Goals is 8: PROD
Test Data Key: KEY
Test Data Value Pair: PROD
Column Name or Environment mentioned in Maven Goals is 8: PROD
Test Data Key: KEY
Test Data Value Pair: PROD
Column Name or Environment mentioned in Maven Goals is 8: PROD
Test Data Key: KEY
Test Data Value Pair: PROD
Column Name or Environment mentioned in Maven Goals is 8: PROD
Test Data Key: KEY
Test Data Value Pair: PROD
Column Name or Environment mentioned in Maven Goals is 8: PROD
Test Data Key: KEY
Test Data Value Pair: PROD
Column Name or Environment mentioned in Maven Goals is 8: PROD
Test Data Key: KEY
Test Data Value Pair: PROD
Column Name or Environment mentioned in Maven Goals is 8: PROD
Test Data Key: KEY
Test Data Value Pair: PROD
Column Name or Environment mentioned in Maven Goals is 8: PROD
Test Data Key: KEY
Test Data Value Pair: PROD
Column Name or Environment mentioned in Maven Goals is 8: PROD
Test Data Key: KEY
Test Data Value Pair: PROD
Column Name or Environment mentioned in Maven Goals is 8: PROD
Test Data Key: KEY
Test Data Value Pair: PROD
Column Name or Environment mentioned in Maven Goals is 8: PROD
Test Data Key: KEY
Test Data Value Pair: PROD
Column Name or Environment mentioned in Maven Goals is 8: PROD
Test Data Key: KEY
Test Data Value Pair: PROD
Column Name or Environment mentioned in Maven Goals is 8: PROD
Test Data Key: KEY
Test Data Value Pair: PROD
Column Name or Environment mentioned in Maven Goals is 8: PROD
Test Data Key: KEY
Test Data Value Pair: PROD
Column Name or Environment mentioned in Maven Goals is 8: PROD
Test Data Key: KEY
Test Data Value Pair: PROD
Column Name or Environment mentioned in Maven Goals is 8: PROD
Test Data Key: KEY
Test Data Value Pair: PROD
Column Name or Environment mentioned in Maven Goals is 8: PROD
Test Data Key: KEY
Test Data Value Pair: PROD
Column Name or Environment mentioned in Maven Goals is 8: PROD
Test Data Key: KEY
Test Data Value Pair: PROD
Column Name or Environment mentioned in Maven Goals is 8: PROD
Test Data Key: KEY
Test Data Value Pair: PROD
Column Name or Environment mentioned in Maven Goals is 8: PROD
Test Data Key: KEY
Test Data Value Pair: PROD
Column Name or Environment mentioned in Maven Goals is 8: PROD
Test Data Key: KEY
Test Data Value Pair: PROD
Column Name or Environment mentioned in Maven Goals is 8: PROD
Test Data Key: KEY
Test Data Value Pair: PROD
Column Name or Environment mentioned in Maven Goals is 8: PROD
Test Data Key: KEY
Test Data Value Pair: PROD
Column Name or Environment mentioned in Maven Goals is 8: PROD
Test Data Key: KEY
Test Data Value Pair: PROD
Column Name or Environment mentioned in Maven Goals is 8: PROD
Test Data Key: KEY
Test Data Value Pair: PROD
Column Name or Environment mentioned in Maven Goals is 8: PROD
Test Data Key: KEY
Test Data Value Pair: PROD
Column Name or Environment mentioned in Maven Goals is 8: PROD
Test Data Key: KEY
Test Data Value Pair: PROD
Column Name or Environment mentioned in Maven Goals is 8: PROD
Test Data Key: KEY
Test Data Value Pair: PROD
Column Name or Environment mentioned in Maven Goals is 8: PROD
Test Data Key: KEY
Test Data Value Pair: PROD
Column Name or Environment mentioned in Maven Goals is 8: PROD
Test Data Key: KEY
Test Data Value Pair: PROD
Column Name or Environment mentioned in Maven Goals is 8: PROD
Test Data Key: KEY
Test Data Value Pair: PROD
Column Name or Environment mentioned in Maven Goals is 8: PROD
Test Data Key: KEY
Test Data Value Pair: PROD
Column Name or Environment mentioned in Maven Goals is 8: PROD
Test Data Key: KEY
Test Data Value Pair: PROD
Column Name or Environment mentioned in Maven Goals is 8: PROD
Test Data Key: KEY
Test Data Value Pair: PROD
Column Name or Environment mentioned in Maven Goals is 8: PROD
Test Data Key: KEY
Test Data Value Pair: PROD
Column Name or Environment mentioned in Maven Goals is 8: PROD
Test Data Key: KEY
Test Data Value Pair: PROD
Column Name or Environment mentioned in Maven Goals is 8: PROD
Test Data Key: KEY
Test Data Value Pair: PROD
Column Name or Environment mentioned in Maven Goals is 8: PROD
Test Data Key: KEY
Test Data Value Pair: PROD
Column Name or Environment mentioned in Maven Goals is 8: PROD
Test Data Key: KEY
Test Data Value Pair: PROD
Column Name or Environment mentioned in Maven Goals is 8: PROD
Test Data Key: KEY
Test Data Value Pair: PROD
Column Name or Environment mentioned in Maven Goals is 8: PROD
Test Data Key: KEY
Test Data Value Pair: PROD
Column Name or Environment mentioned in Maven Goals is 8: PROD
Test Data Key: KEY
Test Data Value Pair: PROD
Column Name or Environment mentioned in Maven Goals is 8: PROD
Test Data Key: KEY
Test Data Value Pair: PROD
Column Name or Environment mentioned in Maven Goals is 8: PROD
Test Data Key: KEY
Test Data Value Pair: PROD
Column Name or Environment mentioned in Maven Goals is 8: PROD
Test Data Key: KEY
Test Data Value Pair: PROD
Column Name or Environment mentioned in Maven Goals is 8: PROD
Test Data Key: KEY
Test Data Value Pair: PROD
Column Name or Environment mentioned in Maven Goals is 8: PROD
Test Data Key: KEY
Test Data Value Pair: PROD
Column Name or Environment mentioned in Maven Goals is 8: PROD
Test Data Key: KEY
Test Data Value Pair: PROD
Column Name or Environment mentioned in Maven Goals is 8: PROD
Test Data Key: KEY
Test Data Value Pair: PROD
Column Name or Environment mentioned in Maven Goals is 8: PROD
Test Data Key: KEY
Test Data Value Pair: PROD
Column Name or Environment mentioned in Maven Goals is 8: PROD
Test Data Key: KEY
Test Data Value Pair: PROD
Column Name or Environment mentioned in Maven Goals is 8: PROD
Test Data Key: KEY
Test Data Value Pair: PROD
Column Name or Environment mentioned in Maven Goals is 8: PROD
Test Data Key: KEY
Test Data Value Pair: PROD
Column Name or Environment mentioned in Maven Goals is 8: PROD
Test Data Key: KEY
Test Data Value Pair: PROD
Column Name or Environment mentioned in Maven Goals is 8: PROD
Test Data Key: KEY
Test Data Value Pair: PROD
Column Name or Environment mentioned in Maven Goals is 8: PROD
Test Data Key: KEY
Test Data Value Pair: PROD
Column Name or Environment mentioned in Maven Goals is 8: PROD
Test Data Key: KEY
Test Data Value Pair: PROD
Column Name or Environment mentioned in Maven Goals is 8: PROD
Test Data Key: KEY
Test Data Value Pair: PROD
Column Name or Environment mentioned in Maven Goals is 8: PROD
Test Data Key: KEY
Test Data Value Pair: PROD
Column Name or Environment mentioned in Maven Goals is 8: PROD
Test Data Key: KEY
Test Data Value Pair: PROD
Column Name or Environment mentioned in Maven Goals is 8: PROD
Test Data Key: KEY
Test Data Value Pair: PROD
Column Name or Environment mentioned in Maven Goals is 8: PROD
Test Data Key: KEY
Test Data Value Pair: PROD
Column Name or Environment mentioned in Maven Goals is 8: PROD
Test Data Key: KEY
Test Data Value Pair: PROD
Column Name or Environment mentioned in Maven Goals is 8: PROD
Test Data Key: KEY
Test Data Value Pair: PROD
Column Name or Environment mentioned in Maven Goals is 8: PROD
Test Data Key: KEY
Test Data Value Pair: PROD
Column Name or Environment mentioned in Maven Goals is 8: PROD
Test Data Key: KEY
Test Data Value Pair: PROD
Column Name or Environment mentioned in Maven Goals is 8: PROD
Test Data Key: KEY
Test Data Value Pair: PROD
Column Name or Environment mentioned in Maven Goals is 8: PROD
Test Data Key: KEY
Test Data Value Pair: PROD
Column Name or Environment mentioned in Maven Goals is 8: PROD
Test Data Key: KEY
Test Data Value Pair: PROD
Column Name or Environment mentioned in Maven Goals is 8: PROD
Test Data Key: KEY
Test Data Value Pair: PROD
Column Name or Environment mentioned in Maven Goals is 8: PROD
Test Data Key: KEY
Test Data Value Pair: PROD
Column Name or Environment mentioned in Maven Goals is 8: PROD
Test Data Key: KEY
Test Data Value Pair: PROD
Column Name or Environment mentioned in Maven Goals is 8: PROD
Test Data Key: KEY
Test Data Value Pair: PROD
Column Name or Environment mentioned in Maven Goals is 8: PROD
Test Data Key: KEY
Test Data Value Pair: PROD
Column Name or Environment mentioned in Maven Goals is 8: PROD
Test Data Key: KEY
Test Data Value Pair: PROD
Column Name or Environment mentioned in Maven Goals is 8: PROD
Test Data Key: KEY
Test Data Value Pair: PROD
Column Name or Environment mentioned in Maven Goals is 8: PROD
Test Data Key: KEY
Test Data Value Pair: PROD
Column Name or Environment mentioned in Maven Goals is 8: PROD
Test Data Key: KEY
Test Data Value Pair: PROD
Column Name or Environment mentioned in Maven Goals is 8: PROD
Test Data Key: KEY
Test Data Value Pair: PROD
Column Name or Environment mentioned in Maven Goals is 8: PROD
Test Data Key: KEY
Test Data Value Pair: PROD
Column Name or Environment mentioned in Maven Goals is 8: PROD
Test Data Key: KEY
Test Data Value Pair: PROD
Column Name or Environment mentioned in Maven Goals is 8: PROD
Test Data Key: KEY
Test Data Value Pair: PROD
Column Name or Environment mentioned in Maven Goals is 8: PROD
Test Data Key: KEY
Test Data Value Pair: PROD
Column Name or Environment mentioned in Maven Goals is 8: PROD
Test Data Key: KEY
Test Data Value Pair: PROD
Column Name or Environment mentioned in Maven Goals is 8: PROD
Test Data Key: KEY
Test Data Value Pair: PROD
Column Name or Environment mentioned in Maven Goals is 8: PROD
Test Data Key: KEY
Test Data Value Pair: PROD
Column Name or Environment mentioned in Maven Goals is 8: PROD
Test Data Key: KEY
Test Data Value Pair: PROD
Column Name or Environment mentioned in Maven Goals is 8: PROD
Test Data Key: KEY
Test Data Value Pair: PROD
Column Name or Environment mentioned in Maven Goals is 8: PROD
Test Data Key: KEY
Test Data Value Pair: PROD
Column Name or Environment mentioned in Maven Goals is 8: PROD
Test Data Key: KEY
Test Data Value Pair: PROD
Column Name or Environment mentioned in Maven Goals is 8: PROD
Test Data Key: KEY
Test Data Value Pair: PROD
Column Name or Environment mentioned in Maven Goals is 8: PROD
Test Data Key: KEY
Test Data Value Pair: PROD
Column Name or Environment mentioned in Maven Goals is 8: PROD
Test Data Key: KEY
Test Data Value Pair: PROD
Column Name or Environment mentioned in Maven Goals is 8: PROD
Test Data Key: KEY
Test Data Value Pair: PROD
Column Name or Environment mentioned in Maven Goals is 8: PROD
Test Data Key: KEY
Test Data Value Pair: PROD
Column Name or Environment mentioned in Maven Goals is 8: PROD
Test Data Key: KEY
Test Data Value Pair: PROD
Column Name or Environment mentioned in Maven Goals is 8: PROD
Test Data Key: KEY
Test Data Value Pair: PROD
Column Name or Environment mentioned in Maven Goals is 8: PROD
Test Data Key: KEY
Test Data Value Pair: PROD
Column Name or Environment mentioned in Maven Goals is 8: PROD
Test Data Key: KEY
Test Data Value Pair: PROD
Column Name or Environment mentioned in Maven Goals is 8: PROD
Test Data Key: KEY
Test Data Value Pair: PROD
Column Name or Environment mentioned in Maven Goals is 8: PROD
Test Data Key: KEY
Test Data Value Pair: PROD
Column Name or Environment mentioned in Maven Goals is 8: PROD
Test Data Key: KEY
Test Data Value Pair: PROD
Column Name or Environment mentioned in Maven Goals is 8: PROD
Test Data Key: KEY
Test Data Value Pair: PROD
Column Name or Environment mentioned in Maven Goals is 8: PROD
Test Data Key: KEY
Test Data Value Pair: PROD
Column Name or Environment mentioned in Maven Goals is 8: PROD
Test Data Key: KEY
Test Data Value Pair: PROD
Column Name or Environment mentioned in Maven Goals is 8: PROD
Test Data Key: KEY
Test Data Value Pair: PROD
Column Name or Environment mentioned in Maven Goals is 8: PROD
Test Data Key: KEY
Test Data Value Pair: PROD
Column Name or Environment mentioned in Maven Goals is 8: PROD
Test Data Key: KEY
Test Data Value Pair: PROD
Column Name or Environment mentioned in Maven Goals is 8: PROD
Test Data Key: KEY
Test Data Value Pair: PROD
Column Name or Environment mentioned in Maven Goals is 8: PROD
Test Data Key: KEY
Test Data Value Pair: PROD
Column Name or Environment mentioned in Maven Goals is 8: PROD
Test Data Key: KEY
Test Data Value Pair: PROD
Column Name or Environment mentioned in Maven Goals is 8: PROD
Test Data Key: KEY
Test Data Value Pair: PROD
Column Name or Environment mentioned in Maven Goals is 8: PROD
Test Data Key: KEY
Test Data Value Pair: PROD
Column Name or Environment mentioned in Maven Goals is 8: PROD
Test Data Key: KEY
Test Data Value Pair: PROD
Column Name or Environment mentioned in Maven Goals is 8: PROD
Test Data Key: KEY
Test Data Value Pair: PROD
Column Name or Environment mentioned in Maven Goals is 8: PROD
Test Data Key: KEY
Test Data Value Pair: PROD
Column Name or Environment mentioned in Maven Goals is 8: PROD
Test Data Key: KEY
Test Data Value Pair: PROD
Column Name or Environment mentioned in Maven Goals is 8: PROD
Test Data Key: KEY
Test Data Value Pair: PROD
Column Name or Environment mentioned in Maven Goals is 8: PROD
Test Data Key: KEY
Test Data Value Pair: PROD
Column Name or Environment mentioned in Maven Goals is 8: PROD
Test Data Key: KEY
Test Data Value Pair: PROD
Column Name or Environment mentioned in Maven Goals is 8: PROD
Test Data Key: KEY
Test Data Value Pair: PROD
Column Name or Environment mentioned in Maven Goals is 8: PROD
Test Data Key: KEY
Test Data Value Pair: PROD
Column Name or Environment mentioned in Maven Goals is 8: PROD
Test Data Key: KEY
Test Data Value Pair: PROD
Column Name or Environment mentioned in Maven Goals is 8: PROD
Test Data Key: KEY
Test Data Value Pair: PROD
Column Name or Environment mentioned in Maven Goals is 8: PROD
Test Data Key: KEY
Test Data Value Pair: PROD
Column Name or Environment mentioned in Maven Goals is 8: PROD
Test Data Key: KEY
Test Data Value Pair: PROD
Column Name or Environment mentioned in Maven Goals is 8: PROD
Test Data Key: KEY
Test Data Value Pair: PROD
Column Name or Environment mentioned in Maven Goals is 8: PROD
Test Data Key: KEY
Test Data Value Pair: PROD
Column Name or Environment mentioned in Maven Goals is 8: PROD
Test Data Key: KEY
Test Data Value Pair: PROD
Column Name or Environment mentioned in Maven Goals is 8: PROD
Test Data Key: KEY
Test Data Value Pair: PROD
Column Name or Environment mentioned in Maven Goals is 8: PROD
Test Data Key: KEY
Test Data Value Pair: PROD
Column Name or Environment mentioned in Maven Goals is 8: PROD
Test Data Key: KEY
Test Data Value Pair: PROD
Column Name or Environment mentioned in Maven Goals is 8: PROD
Test Data Key: KEY
Test Data Value Pair: PROD
Column Name or Environment mentioned in Maven Goals is 8: PROD
Test Data Key: KEY
Test Data Value Pair: PROD
Column Name or Environment mentioned in Maven Goals is 8: PROD
Test Data Key: KEY
Test Data Value Pair: PROD
Column Name or Environment mentioned in Maven Goals is 8: PROD
Test Data Key: KEY
Test Data Value Pair: PROD
Column Name or Environment mentioned in Maven Goals is 8: PROD
Test Data Key: KEY
Test Data Value Pair: PROD
Column Name or Environment mentioned in Maven Goals is 8: PROD
Test Data Key: KEY
Test Data Value Pair: PROD
Column Name or Environment mentioned in Maven Goals is 8: PROD
Test Data Key: KEY
Test Data Value Pair: PROD
Column Name or Environment mentioned in Maven Goals is 8: PROD
[...]
_THREE_DAYS, VIDEO_ICONS=Minimize;Close;Settings;Mute;Share Now;Video Off, APPOINTMENT_DETAILS_FOR_JOIN_VIDEO_CONSULTATION=Approved;Dr Sam Entwistle;AFTER_THREE_DAYS, EMAIL FOR RRP=chrisc@mmh-demo.com, PASSWORD FOR RRP=Manage@123, DATA FOR PATIENT TO COLLECT TO PRESCRIPTION=VM04Practice; Dr Tim ; Patient to Collect Script ;Next Day;Panadol (Optizorb) 500mg Caplets;Repeat Medication Testing for PATIENT TO COLLECT, VERIFICATION DATA FOR PATIENT TO COLLECT PRESCRIPTION=VM04Practice;panadol (optizorb) 500mg caplets(paracetamol);pending;Next Day;Dr Tim, MORE INFO VERIFICATION DATA FOR PATIENT TO COLLECT PRESCRIPTION=Dr Tim ( VM04Practice );VM04Practice;Patient to Collect Script;Next Day;panadol (optizorb) 500mg caplets(paracetamol);Pending, DATA FOR SENT SCRIPT BY POST=VM04Location2;Tom Denver;Send Script by Post;Urgent/Same day;Panadol (Optizorb) 500mg Caplets;Repeat Medication Testing for SENT SCRIPT BY POST, VERIFICATION DATA FOR SENT SCRIPT BY POST=VM04Practice;panadol (optizorb) 500mg caplets(paracetamol);pending;Urgent/Same day;TOM DENVER, MORE INFO VERIFICATION DATA FOR SENT SCRIPT BY POST=, DATA FOR PRESCRIPTION BY SENT SCRIPT TO PHARMACY=VM04Practice;Kevin Peterson;Send Script to Pharmacy;Select from my saved list;Auckland;Auckland Central;Chemist Warehouse Auckland;48 Hours;Panadol (Optizorb) 500mg Caplets;Repeat Medication Testing for Sent Script by Pharmacy;Chemist Warehouse Auckland, VERIFICATION DATA FOR SENT SCRIPT TO PHARMACY=VM04Practice;panadol (optizorb) 500mg caplets(paracetamol);pending;Chemist Warehouse Auckland - Lower Queen St;48 Hours;Kevin Peterson, MORE INFO DATA FOR PRESCRIPTION BY SENT SCRIPT TO PHARMACY=, DATA FOR DELIVERY MEDS BY PHARMACY=VM04Practice;Kevin Peterson;Deliver Meds by Pharmacy;Select from my saved list;ZOOM Pharmacy home delivery;2: 456, demo;48 Hours;Panadol (Optizorb) 500mg Caplets;Repeat Medication Testing for Delivery Meds by Pharmacy;ZOOM Pharmacy home delivery, VERIFICATION DATA FOR DELIVERY MEDS BY PHARMACY=VM04Practice;panadol (optizorb) 500mg caplets(paracetamol);pending;ZOOM Pharmacy home delivery;48 Hours;Kevin Peterson, MORE INFO DATA FOR DELIVERY MEDS BY PHARMACY=, DATA MEDS PAY BY USING ONLINE CARD=VM04Practice;Kevin Peterson;Deliver Meds by Pharmacy;Select from my saved list;ZOOM Pharmacy home delivery;2: 456, demo;48 Hours;Panadol (Optizorb) 500mg Caplets;Repeat Medication Testing for Delivery Meds by Pharmacy;ZOOM Pharmacy home delivery, VERIFICATION MEDS PAY BY USING ONLINE CARD=VM04Practice;panadol (optizorb) 500mg caplets(paracetamol);pending;ZOOM Pharmacy home delivery;48 Hours;Kevin Peterson, DATA MEDS PAY BY USING ONLINE A2A=VM04Practice;Kevin Peterson;Deliver Meds by Pharmacy;Select from my saved list;ZOOM Pharmacy home delivery;2: 456, demo;48 Hours;Panadol (Optizorb) 500mg Caplets;Repeat Medication Testing for Delivery Meds by Pharmacy;ZOOM Pharmacy home delivery, VERIFICATION DATA FOR MEDS PAY BY USING A2A=VM04Practice;panadol (optizorb) 500mg caplets(paracetamol);pending;ZOOM Pharmacy home delivery;48 Hours;Kevin Peterson, CREDIT CARD DETAILS=CreditCard;4111111111111111;test;02;24;121, ACCOUNT TO ACCOUNT=Account2Account;AnzNZ;WindcaveA2ATest;Windcave1234;Payment Success, MEDICATION DETAILS FOR URGENCY=VM04Practice; Dr Tim ; Patient to Collect Script ;, URGENCY PRICE=Urgent/Same day;Next Day;48 Hours;72 Hours, EMAIL_FOR_HEALTH=chrisc@mmh-demo.com, PASSWORD_FOR_HEALTH=Manage@123, PRESCRIPTION_TABLE_DATA=11 Jul 2014;Panadol (Optizorb) 500mg Caplets;2.00 , Three Times Daily;Historic;VM04Practice;11 Jul 2014 10:14:40 AM, PRESCRIPTION_TABLE_DATA_1=11 Jul 2014;Voltaren Rapid Capsules 12.5mg Liq Cap;1 caps, Four Times Daily;Current;VM04Practice;11 Jul 2014 10:14:14 AM, PRESCRIPTION_TABLE_DATA_2=02 Apr 2013;Warfarin Sodium 1mg Tab;6 tabs, Once Daily;Current;VM04Practice;02 Apr 2013 11:57:34 AM, PRESCRIPTION_ICON_DATA=Panadol (Optizorb) 500mg Caplets;11/07/2014 10:14:40 AM;2.00 , Three Times Daily;7;42;2;Dr Ian Bishop;VM04Practice, PRESCRIPTION_ICON_DATA_1=Voltaren Rapid Capsules 12.5mg Liq Cap;11/07/2014 10:14:14 AM;1 caps, Four Times Daily;10;40;1;Dr Ian Bishop;VM04Practice, PRESCRIPTION_ICON_DATA_2=Warfarin Sodium 1mg Tab;02/04/2013 11:57:34 AM;6 tabs, Once Daily;7;42;6;System Administrator;VM04Practice, CLINIC_TABLE_DATA=03 Jun 2022;Consult In Surgery;System Administrator;VM04Practice;03 Jun 2022 03:28:17 PM, CLINIC_TABLE_DATA_1=14 Oct 2015;Consult In Surgery;Dr Ian Bishop;VM04Practice;14 Oct 2015 10:02:03 AM, CLINIC_TABLE_DATA_2=05 Aug 2014;Consult In Surgery;SPL;VM04Practice;05 Aug 2014 11:02:37 AM, CLINIC_TABLE_DATA_3=11 Jul 2014;Consult In Surgery;Dr Ian Bishop;VM04Practice;11 Jul 2014 10:16:01 AM, FILTER_BY_DATA=Entries From Health Centre(s);, CLINIC_ICON_DATA=03/06/2022 03:28:17 PM;Consult In Surgery;System Administrator;VM04Practice, CLINIC_ICON_DATA_1=14/10/2015 10:02:03 AM;Consult In Surgery;Dr Ian Bishop;VM04Practice, CLINIC_ICON_DATA_2=05/08/2014 11:02:37 AM;Consult In Surgery;SPL;VM04Practice;\BP 120/80, CLINIC_ICON_DATA_3=11/07/2014 10:16:01 AM;Consult In Surgery;Dr Ian Bishop;VM04Practice;Still lumber pain is going on, CLASSIFICATIONS_TABLE_DATA=11 Jul 2014;Muscle pain;;No;VM04Practice;11 Jul 2014 10:15:43 AM, CLASSIFICATIONS_TABLE_DATA_1=02 Apr 2013;Epilepsy;;No;VM04Practice;02 Apr 2013 01:31:37 PM, CLASSIFICATIONS_TABLE_DATA_2=02 Apr 2013;Asthma;;No;VM04Practice;02 Apr 2013 12:35:14 PM, CLASSIFICATIONS_ICON_DATA=Muscle pain;11/07/2014 10:15:43 AM;No;Dr Ian Bishop;VM04Practice, CLASSIFICATIONS_ICON_DATA_1=Epilepsy;02/04/2013 01:31:37 PM;No;Dr Ian Bishop;VM04Practice, CLASSIFICATIONS_ICON_DATA_2=Asthma;02/04/2013 12:35:14 PM;No;Dr. Jack Dawson;VM04Practice, ALLERGIES_TABLE_DATA=08 Jun 2022;Aceglutamide;Drug Class;VM04Practice;08 Jun 2022 07:34:04 PM, ALLERGIES_TABLE_DATA_1=08 Jun 2022;GABA and GABA analogues;Drug Class;VM04Practice;08 Jun 2022 07:18:42 PM, ALLERGIES_TABLE_DATA_2=08 Jun 2022;Saccharin;Drug Class;VM04Practice;08 Jun 2022 07:15:33 PM, ALLERGIES_ICON_DATA=Aceglutamide;08/06/2022 07:34:04 PM;Drug Class;ADM;VM04Practice;nte, ALLERGIES_ICON_DATA_1=GABA and GABA analogues;08/06/2022 07:18:42 PM;Drug Class;ADM;VM04Practice;note1, ALLERGIES_ICON_DATA_2=Saccharin;08/06/2022 07:15:33 PM;Drug Class;ADM;VM04Practice;test note1, IMMUNISATIONS_TABLE_DATA=08 Jun 2022;aP-2 3m;Non Responder;VM04Practice;08 Jun 2022 07:34:51 PM, IMMUNISATIONS_TABLE_DATA_1=08 Jun 2022;AstraZ/Covishield -1;Given Elsewhere NZ;VM04Practice;08 Jun 2022 07:19:29 PM, IMMUNISATIONS_ICON_DATA=aP-2 3m;08/06/2022 07:34:51 PM;Non Responder;note1;System Administrator;VM04Practice, IMMUNISATIONS_ICON_DATA_1=AstraZ/Covishield -1;08/06/2022 07:19:29 PM;Given Elsewhere NZ;note1;Intra Muscular;System Administrator;VM04Practice, LAB_RESULT_TABLE_DATA=01 Jun 2018;Literal Suffix Removed_hl3 Of;;VM04Practice;01 Jun 2018 12:00:00 AM , LAB_RESULT_TABLE_DATA_1=24 Feb 2011;Literal Standard Matching Rend;;VM04Practice;24 Feb 2011 12:00:00 AM , LAB_RESULT_ICON_DATA=Literal Suffix Removed_hl3 Of;01/06/2018 12:00:00 AM;VM04Practice;Dr. GP, LAB_RESULT_ICON_DATA_1=Literal Standard Matching Rend;24/02/2011 12:00:00 AM;VM04Practice;Dr. GP, RECALLS_TABLE_DATA=15 Jun 2022;Body Mass Index;;VM04Practice, RECALLS_ICON_DATA=15/06/2022 07:52:39 PM;Body Mass Index;System Administrator;VM04Practice, DATA_MY_ENTRIES_CLINIC_NOTES_1=Test012, DATA_MY_ENTRIES_INSIDE_CLINIC_NOTES_1=TestVisited;25 Jun 2022;TestLocation;Show this entry to my doctor;TestAdditional, DATA_MY_ENTRIES_PRESCRIPTIONS=25 Jun 2022;test;test, DATA_MY_ENTRIES_INSIDE_PRESCRIPTIONS=test;testdose;25 Jun 2022;2;2 times per day;25 Jun 2022;25 Jun 2022;I took this in the past;Show this entry to my doctor;test, DATA_MY_ENTRIES_ALLERGIES=23 Jun 2022;TestAllergy;High, DATA_MY_ENTRIES_INSIDE_ALLERGIES=TestAllergy;23 Jun 2022;Had this allergy in the past;Show this entry to my doctor;TestAdditional, DATA_MY_ENTRIES_IMMUNISATIONS=25 Jun 2022;TestImmunisation;25 Jun 2022 12:00:00 AM, DATA_MY_ENTRIES_INSIDE_IMMUNISATIONS=TestImmunisation;25 Jun 2022;Show this entry to my doctor;TestAdditional, DATA_MY_ENTRIES_CLASSIFICATIONS=Test012, DATA_MY_ENTRIES_INSIDE_CLASSIFICATIONS=TestCondition;23/06/2022;25 Jun 2022;25 Jun 2022;Historic;Show this entry to my doctor;TestAdditional, RECALLS_REMAINDER_TABLE_DATA=04 Aug 2022;Body Mass Index;BMI;28 Jul 2022;04 Aug 2022 05:25:41 PM, RECALLS_REMAINDER_ICON_DATA=Test Document, RECALLS_TABLE_DATA_1=04 Aug 2022;Body Mass Index;MMH Email;VM04Practice;04 Aug 2022 05:25:41 PM, RECALLS_ICON_DATA_1=Body Mass Index;recall from pms;28/07/2022 12:00:00 AM;MMH Email;System Administrator;VM04Practice, TEST_RESULT_ICON_DATA=Test, Patient;26-Jun-1995;A Mouse;01-Jun-2018, TEST_RESULT_ICON_DATA_1=TEST, Patient;26-Jun-1995;Donald Duck;24-Feb-2011, VISITED_NAME=Test012, VISITED_LOCATION=Chennai, ADDITIONAL_INFORMATION=Test02-Additional Information, EDIT_LOCATION=Trichy, VISITED_DROPDOWN=Historic, VISITED_ALLERGIES_DROPDOWN=High, VISITED_ALLERGIES_DROPDOWN1=Had this allergy in the past , VISITED_DOSE_NAME=Testdose, VISITED_PRESCRIPTION_DROPDOWN= , VISITED_PRESCRIPTION_DROPDOWN1=I took this in the past , EDIT_ADDITIONAL=TestEdit, DATA_MY_ENTRIES_COVID_IMMUNISATIONS=01 Jun 2022;Comirnaty, COVID-19 mRNA (Pfizer-BioNTech), DATA_MY_ENTRIES_INSIDE_COVID_IMMUNISATIONS=Comirnaty, COVID-19 mRNA (Pfizer-BioNTech);COVID19 Comirnaty - 2;Test123;01 Jun 2022;Show this entry to my doctor;Test02-Additional Information, VACCINE_NAME=Comirnaty, COVID-19 mRNA (Pfizer-BioNTech) , BATCH_NO=Test123, FILE_UPLOAD=MMHtest.jpg, EMAIL_MMH=daisy@mmh-demo.com, V1 URL=https://dev.mmh-demo.com/m/Main/login, EMAIL FOR DOCTOR=testprovider1.beta@mmh-demo.com, PASSWORD FOR DOCTOR=Manage@123, COMPOSE_MESSAGE=VM03Location;VM03Location;Lab results enquiry;Clinical Staff;Testprovider1;Compose Message_RANDOM;Compose Message Testing_RANDOM;MMHtest.jpg, SEND_DATA=HARRY HARRY;Dr Tim;Lab results enquiry;Lab results enquiry, DRAFT_MESSAGE=VM03Location;VM03Location;Lab results enquiry;Clinical Staff;Testprovider1;Draft Message_RANDOM;Draft Message Testing_RANDOM;MMHtest.jpg , DEV_URL=https://dev.mmh-demo.com/m/Main/Login#info;tim@mmh-demo.com;Manage@123;MMHtest.jpg , INBOX_DATA=Dr Tim;HARRY HARRY;Lab results enquiry;Lab results enquiry, REPLY_DATA=HARRY HARRY;Dr Tim;Lab results enquiry;Lab results enquiry, GROUP_MESSAGE_DATA=VM03Location;Test Group Message -SB, EMAIL FOR MESSAGE=harryharry@mmh-demo.com, PASSWORD FOR MESSAGE=Manage@123, TIME_OUT_SETTING=2 Hour, ALERT TYPE=Yes, SIGNATURE MESSAGE=Signature Testing_RANDOM, START DATE=, END DATE=, OUT OF MESSAGE=Out of Office Testing_RANDOM, AUTOMATIC REPLY MESSAGE=HARRY HARRY;Patient Communication-S;Automatic Reply Message Testing_RANDOM, OUT_OF_OFFICE_MESSAGE_DETAILS=VM03Location;VM03Location;Patient Communication-S;Patient;Harry Harry;Out of office reply testing;Body : Out of office reply testing_RANDOM, RECEIVED_MESSAGE_DETAILS=VM03Location;VM03Location;Internal Communication;Patient;Harry Harry;Received Msg Testing_RANDOM;Body : Received Message Testing_RANDOM;MMHtest.jpg, MOBILE_RESPONSE_RECEIVED_MESSAGE=VM03Location;Internal Communication;Patient;Harry Harry;Manual Test for Message;Body : Manual Test for Message;MMHtest.jpg, SENT_GROUP_MESSAGE_DETAILS=VM03Location;Any Provider;No Preference;All Patients (Registered and Activated) to Patient Portal;Group MessageTesting_RANDOM;Group Message Test_RANDOM, MOBILE_RESPONSE_GROUP_MESSAGE_DETAILS=Manual Group Message Testing;Manual Group Message Testing, AUTOMATIC_MESSAGE_DETAILS=VM03Location;VM03Location;Patient Communication-S;Patient;Harry Harry;Automatic Reply Message Testing_RANDOM;Body : Automatic reply testing_RANDOM, MOBILE_RESPONSE_REPLY_MESSAGE=Manual Reply Message;Body:Manual Reply Message;2;3;4;Manual Test for Message, VERIFY_DATA_FOR_ARM=HARRY HARRY;Patient Communication-S;Automatic Reply Message Testing, REPLY MESSAGE=Reply Message_RANDOM;Body:Reply Message_RANDOM;2;3;4;Received Msg Testing_RANDOM, PRESCRIPTION_MOBILE_ICON_DATA=VM04Practice;2.00 , Three Times Daily;Historic;7;42;2;Dr Ian Bishop, PRESCRIPTION_MOBILE_ICON_DATA_1=VM04Practice;1 caps, Four Times Daily;Current;10;40;1;Dr Ian Bishop, PRESCRIPTION_MOBILE_ICON_DATA_2=VM04Practice;6 tabs, Once Daily;Current;7;42;6;System Administrator, MOBILE_DATA_MY_ENTRIES_INSIDE_PRESCRIPTIONS=testdose;2;2 times per day;25 Jun 2022;25 Jun 2022;I took this in the past;Show this entry to my doctor ;test, VISITED_MOBILE_VALUE=1, ALLERGIES_MOBILE_ICON_DATA=Drug Class;VM04Practice;ADM;nte, ALLERGIES_MOBILE_ICON_DATA_1=Drug Class;VM04Practice;ADM;note1, ALLERGIES_MOBILE_ICON_DATA_2=Drug Class;VM04Practice;ADM;test note1, MOBILE_DATA_MY_ENTRIES_INSIDE_ALLERGIES=High;Had this allergy in the past;Show this entry to my doctor;TestAdditional, IMMUNISATION_MOBILE_ICON_DATA=Non Responder;VM04Practice;note1;System Administrator, IMMUNISATION_MOBILE_ICON_DATA_1=Given Elsewhere NZ;VM04Practice;note1;Intra Muscular;System Administrator, MOBILE_DATA_MY_ENTRIES_INSIDE_IMMUNISATIONS=Show this entry to my doctor;TestAdditional, MOBILE_DATA_MY_ENTRIES_INSIDE_COVID_IMMUNISATIONS=COVID19 Comirnaty - 2;Test123;Show this entry to my doctor;Test02-Additional Information, CLASSIFICATIONS_MOBILE_ICON_DATA=Muscle pain;No;Dr Ian Bishop;VM04Practice, CLASSIFICATIONS_MOBILE_ICON_DATA_1=Epilepsy;No;Dr Ian Bishop;VM04Practice, CLASSIFICATIONS_MOBILE_ICON_DATA_2=Asthma;No;Dr. Jack Dawson;VM04Practice, DATA_MOBILE_MY_ENTRIES_INSIDE_CLASSIFICATIONS=TestCondition;25 Jun 2022;25 Jun 2022;Historic;Show this entry to my doctor;TestAdditional, LAB_RESULT_MOBILE_ICON_DATA=VM04Practice;Dr. GP, LAB_RESULT_MOBILE_ICON_DATA_1=VM04Practice;Dr. GP, TEST_MOBILE_RESULT_ICON_DATA=Test, Patient;26-Jun-1995;A Mouse;01-Jun-2018, TEST_MOBILE_RESULT_ICON_DATA_1=TEST, Patient;26-Jun-1995;Donald Duck;24-Feb-2011, CLINIC_MOBILE_ICON_DATA=System Administrator;VM04Practice, CLINIC_MOBILE_ICON_DATA_1=Dr Ian Bishop;VM04Practice, CLINIC_MOBILE_ICON_DATA_2=SPL;VM04Practice, CLINIC_MOBILE_ICON_DATA_3=Dr Ian Bishop;VM04Practice, MOBILE_DATA_MY_ENTRIES_INSIDE_CLINIC_NOTES_1=TestLocation;Show this entry to my doctor;TestAdditional, MOBILE_RECALLS_ICON_DATA_1=Body Mass Index;MMH Email;VM04Practice;recall from pms;28 Jul 2022 12:00:00 AM;System Administrator, MOBILE_RECALLS_REMAINDER_ICON_DATA=BMI;28 Jul 2022, MY_ENTRIES_PRESCRIPTIONS_DATA=Test012;Test02-Additional Information, PRESCRIPTIONS_INFO_ICON_DATA=Testdose;1;1 time per day;I took this in the past;Show this entry to my doctor;Test02-Additional Information, MY_ENTRIES_ALLERGIES_DATA=Test012;High, ALLERGIES_INFO_ICON_DATA=Had this allergy in the past;Show this entry to my doctor;Test02-Additional Information, MY_ENTRIES_IMMUNISATIONS_DATA=Test012, IMMUNISATION_INFO_ICON_DATA=Show this entry to my doctor;Test02-Additional Information, MY_ENTRIES_COVID_IMMUNISATIONS_DATA=Comirnaty, COVID-19 mRNA (Pfizer-BioNTech), COVID_IMMUNISATIONS_INFO_ICON_DATA=COVID19 Comirnaty - 2;Test02-Additional Information;Show this entry to my doctor, CLASSIFICATIONS_INFO_ICON_DATA=Historic;Show this entry to my doctor;Test02-Additional Information, CLINIC_NOTES_INFO_ICON_DATA=Chennai;Show this entry to my doctor;Test02-Additional Information}
browserName is:chrome
browserVersion is:108.0.5359.99
launchbrowser browserName is:chrome
launchbrowser browserVersion is:108.0.5359.99
Browser Name value is: chrome
Browser Version value is: 108.0.5359.99
strSystemName value is: LAPTOP-G0UQGSFP
----> getValue matches regular expression is : &URL&
----> getValue PatternHandlerUtil is : URL
----> getValue else is : https://v2webfeature.mmh-demo.com/home
----> getValue value is : https://v2webfeature.mmh-demo.com/home
----> get URL Value is : https://v2webfeature.mmh-demo.com/home
----> getValue matches regular expression is : &URL&
----> getValue PatternHandlerUtil is : URL
----> getValue else is : https://v2webfeature.mmh-demo.com/home
----> getValue value is : https://v2webfeature.mmh-demo.com/home
]]></system-out>
    <system-err><![CDATA[SLF4J: Failed to load class "org.slf4j.impl.StaticLoggerBinder".
SLF4J: Defaulting to no-operation (NOP) logger implementation
SLF4J: See http://www.slf4j.org/codes.html#StaticLoggerBinder for further details.
Starting ChromeDriver 108.0.5359.71 (1e0e3868ee06e91ad636a874420e3ca3ae3756ac-refs/branch-heads/5359@{#1016}) on port 9610
Only local connections are allowed.
Please see https://chromedriver.chromium.org/security-considerations for suggestions on keeping ChromeDriver safe.
ChromeDriver was started successfully.
Dec 15, 2022 11:36:54 AM org.openqa.selenium.remote.ProtocolHandshake createSession
INFO: Detected dialect: W3C
]]></system-err>
  </testcase>
  <testcase name="runScenario" classname="runner.TestRunnerTestng" time="1.669">
    <failure message="stale element reference: element is not attached to the page document&#10;  (Session info: chrome=108.0.5359.99)&#10;For documentation on this error, please visit: https://www.seleniumhq.org/exceptions/stale_element_reference.html&#10;Build info: version: &apos;3.141.59&apos;, revision: &apos;e82be7d358&apos;, time: &apos;2018-11-14T08:17:03&apos;&#10;System info: host: &apos;LAPTOP-G0UQGSFP&apos;, ip: &apos;192.168.0.134&apos;, os.name: &apos;Windows 11&apos;, os.arch: &apos;amd64&apos;, os.version: &apos;10.0&apos;, java.version: &apos;1.8.0_351&apos;&#10;Driver info: org.openqa.selenium.chrome.ChromeDriver&#10;Capabilities {acceptInsecureCerts: false, browserName: chrome, browserVersion: 108.0.5359.99, chrome: {chromedriverVersion: 108.0.5359.71 (1e0e3868ee06..., userDataDir: C:\Users\BHAANU~1\AppData\L...}, goog:chromeOptions: {debuggerAddress: localhost:56868}, javascriptEnabled: true, networkConnectionEnabled: false, pageLoadStrategy: normal, platform: WINDOWS, platformName: WINDOWS, proxy: Proxy(), setWindowRect: true, strictFileInteractability: false, timeouts: {implicit: 0, pageLoad: 300000, script: 30000}, unhandledPromptBehavior: dismiss and notify, webauthn:extension:credBlob: true, webauthn:extension:largeBlob: true, webauthn:virtualAuthenticators: true}&#10;Session ID: 064f5b2b773d7accb1d59538054bc0ae" type="java.lang.AssertionError">java.lang.AssertionError: 
stale element reference: element is not attached to the page document
  (Session info: chrome=108.0.5359.99)
For documentation on this error, please visit: https://www.seleniumhq.org/exceptions/stale_element_reference.html
Build info: version: '3.141.59', revision: 'e82be7d358', time: '2018-11-14T08:17:03'
System info: host: 'LAPTOP-G0UQGSFP', ip: '192.168.0.134', os.name: 'Windows 11', os.arch: 'amd64', os.version: '10.0', java.version: '1.8.0_351'
Driver info: org.openqa.selenium.chrome.ChromeDriver
Capabilities {acceptInsecureCerts: false, browserName: chrome, browserVersion: 108.0.5359.99, chrome: {chromedriverVersion: 108.0.5359.71 (1e0e3868ee06..., userDataDir: C:\Users\BHAANU~1\AppData\L...}, goog:chromeOptions: {debuggerAddress: localhost:56868}, javascriptEnabled: true, networkConnectionEnabled: false, pageLoadStrategy: normal, platform: WINDOWS, platformName: WINDOWS, proxy: Proxy(), setWindowRect: true, strictFileInteractability: false, timeouts: {implicit: 0, pageLoad: 300000, script: 30000}, unhandledPromptBehavior: dismiss and notify, webauthn:extension:credBlob: true, webauthn:extension:largeBlob: true, webauthn:virtualAuthenticators: true}
Session ID: 064f5b2b773d7accb1d59538054bc0ae
</failure>
    <system-out><![CDATA[URL is: https://v2webfeature.mmh-demo.com/home
Sheetname/Sheetname in Config File/App mentioned in Maven Goals is 1: MMH
Environment 2: PROD
----> getValue matches regular expression is : &URL&
----> getValue PatternHandlerUtil is : URL
----> getValue else is : https://v2webfeature.mmh-demo.com/home
----> getValue value is : https://v2webfeature.mmh-demo.com/home
----> get URL Value is : https://v2webfeature.mmh-demo.com/home
----> getValue matches regular expression is : &URL&
----> getValue PatternHandlerUtil is : URL
----> getValue else is : https://v2webfeature.mmh-demo.com/home
----> getValue value is : https://v2webfeature.mmh-demo.com/home
]]></system-out>
  </testcase>
</testsuite>