<?xml version="1.0" encoding="UTF-8"?>
<testsuite xmlns:xsi="http://www.w3.org/2001/XMLSchema-instance" xsi:schemaLocation="https://maven.apache.org/surefire/maven-surefire-plugin/xsd/surefire-test-report.xsd" name="TestSuite" time="0.711" tests="2" errors="0" skipped="1" failures="1">
  <properties>
[...]
</properties>
  <testcase name="setUpClass" classname="runner.TestRunnerTestng" time="0.625">
    <failure message="path must exist: E:\Automation_Gan_Bhaanu\Automation_Gan_Bhaanu\Automation_Ganesh\src\test\resources\features" type="java.lang.IllegalArgumentException">java.lang.IllegalArgumentException: path must exist: E:\Automation_Gan_Bhaanu\Automation_Gan_Bhaanu\Automation_Ganesh\src\test\resources\features
</failure>
    <system-err><![CDATA[SLF4J: Failed to load class "org.slf4j.impl.StaticLoggerBinder".
SLF4J: Defaulting to no-operation (NOP) logger implementation
SLF4J: See http://www.slf4j.org/codes.html#StaticLoggerBinder for further details.
]]></system-err>
  </testcase>
  <testcase name="teardown" classname="runner.TestRunnerTestng" time="0">
    <skipped/>
  </testcase>
</testsuite>