<?xml version="1.0" encoding="UTF-8"?>
<testng-results skipped="0" failed="0" ignored="0" total="0" passed="0">
  <reporter-output>
  </reporter-output>
  <suite name="All Test Suite" duration-ms="3" started-at="2022-12-28T13:07:20Z" finished-at="2022-12-28T13:07:20Z">
    <groups>
    </groups>
    <test name="E:/Automation_Gan_Bhaanu" duration-ms="3" started-at="2022-12-28T13:07:20Z" finished-at="2022-12-28T13:07:20Z">
    </test> <!-- E:/Automation_Gan_Bhaanu -->
  </suite> <!-- All Test Suite -->
</testng-results>
